C 0.176300 1.846000 0.000000
C 1.555800 1.846000 0.000000
C 1.970600 3.233400 0.000000
C 0.816500 3.989500 -0.000100
O -0.303000 3.156700 -0.000200
H -0.750400 0.934300 0.000000
H 2.351470 0.817939 0.000100
H 3.199758 3.656686 0.000000
C 0.541602 5.260091 -0.000100
C 1.279239 6.425814 -0.000100
C 0.328639 7.518196 -0.000100
C -0.927404 6.947239 -0.000200
O -0.822271 5.555915 -0.000300
H 2.573441 6.548464 -0.000000
H 0.628196 8.783212 -0.000100
C -2.148087 7.394343 -0.000200
C -3.404215 6.824114 -0.000221
C -4.355414 7.915974 -0.000206
C -3.617069 9.081512 -0.000277
O -2.253443 8.785948 -0.000373
H -3.703767 5.559096 -0.000148
H -5.649615 7.793319 -0.000218
C -3.891967 10.352103 -0.000253
C -3.154330 11.517827 -0.000236
C -4.104930 12.610208 -0.000213
C -5.360973 12.039252 -0.000318
O -5.255841 10.647928 -0.000443
H -6.581665 12.486359 -0.000306
H -1.860129 11.640476 -0.000138
H -3.805373 13.875224 -0.000192
1  2 2.0 5 1.0 6 1.0
2  3 1.0 7 1.0
3  4 2.0 8 1.0
4  5 1.0 9 1.0
5 
6 
7 
8 
9  10 2.0 13 1.0
10  11 1.0 14 1.0
11  12 2.0 15 1.0
12  13 1.0 16 1.0
13 
14 
15 
16  17 2.0 20 1.0
17  18 1.0 21 1.0
18  19 2.0 22 1.0
19  20 1.0 23 1.0
20 
21 
22 
23  24 2.0 27 1.0
24  25 1.0 29 1.0
25  26 2.0 30 1.0
26  27 1.0 28 1.0
27 
28 
29 
30 