C 0.176300 1.846000 0.000000
C 1.555800 1.846000 0.000000
C 1.970600 3.233400 0.000000
C 0.816500 3.989500 -0.000100
O -0.303000 3.156700 -0.000200
H -0.750400 0.934300 0.000000
H 2.351470 0.817939 0.000100
H 3.199758 3.656686 0.000000
C 0.541602 5.260091 -0.000100
C -0.611930 6.016651 -0.000121
C -0.197891 7.404279 -0.000106
C 1.181831 7.403582 -0.000177
O 1.661219 6.093230 -0.000273
H -1.841086 5.593361 -0.000048
H -0.993565 8.432337 -0.000118
C 2.108531 8.315282 -0.000153
C 2.131041 9.694598 -0.000156
C 3.525025 10.086704 -0.000119
C 4.262193 8.920420 -0.000195
O 3.411236 7.814658 -0.000316
H 1.116101 10.506938 -0.000087
H 3.968311 11.308792 -0.000109
C 5.528128 8.624826 -0.000159
C 6.705733 9.343343 -0.000152
C 7.782458 8.375045 -0.000102
C 7.191082 7.128486 -0.000182
O 5.801659 7.256307 -0.000316
H 7.618211 5.900661 -0.000139
H 6.849485 10.635371 -0.000084
H 9.052193 8.653920 -0.000082
1  2 2.0 5 1.0 6 1.0
2  3 1.0 7 1.0
3  4 2.0 8 1.0
4  5 1.0 9 1.0
5 
6 
7 
8 
9  10 2.0 13 1.0
10  11 1.0 14 1.0
11  12 2.0 15 1.0
12  13 1.0 16 1.0
13 
14 
15 
16  17 2.0 20 1.0
17  18 1.0 21 1.0
18  19 2.0 22 1.0
19  20 1.0 23 1.0
20 
21 
22 
23  24 2.0 27 1.0
24  25 1.0 29 1.0
25  26 2.0 30 1.0
26  27 1.0 28 1.0
27 
28 
29 
30 