C 0.176300 1.846000 0.000000
C 1.555800 1.846000 0.000000
C 1.970600 3.233400 0.000000
C 0.816500 3.989500 -0.000100
O -0.303000 3.156700 -0.000200
H -0.750400 0.934300 0.000000
H 2.351470 0.817939 0.000100
H 3.199758 3.656686 0.000000
C 0.541602 5.260091 -0.000100
C -0.611930 6.016651 -0.000121
C -0.197891 7.404279 -0.000106
C 1.181831 7.403582 -0.000177
O 1.661219 6.093230 -0.000273
H -1.841086 5.593361 -0.000048
H -0.993565 8.432337 -0.000118
C 2.108531 8.315282 -0.000153
C 3.488031 8.315282 -0.000136
C 3.902831 9.702682 -0.000113
C 2.748731 10.458782 -0.000218
O 1.629231 9.625982 -0.000343
H 4.283701 7.287221 -0.000038
H 5.131989 10.125967 -0.000092
C 2.473833 11.729373 -0.000206
C 3.211471 12.895096 -0.000196
C 2.260870 13.987478 -0.000184
C 1.004828 13.416521 -0.000287
O 1.109960 12.025197 -0.000400
H -0.215864 13.863629 -0.000280
H 4.505672 13.017746 -0.000098
H 2.560427 15.252494 -0.000172
1  2 2.0 5 1.0 6 1.0
2  3 1.0 7 1.0
3  4 2.0 8 1.0
4  5 1.0 9 1.0
5 
6 
7 
8 
9  10 2.0 13 1.0
10  11 1.0 14 1.0
11  12 2.0 15 1.0
12  13 1.0 16 1.0
13 
14 
15 
16  17 2.0 20 1.0
17  18 1.0 21 1.0
18  19 2.0 22 1.0
19  20 1.0 23 1.0
20 
21 
22 
23  24 2.0 27 1.0
24  25 1.0 29 1.0
25  26 2.0 30 1.0
26  27 1.0 28 1.0
27 
28 
29 
30 