C 0.176300 1.846000 0.000000
C 1.555800 1.846000 0.000000
C 1.970600 3.233400 0.000000
C 0.816500 3.989500 -0.000100
O -0.303000 3.156700 -0.000200
H -0.750400 0.934300 0.000000
H 2.351470 0.817939 0.000100
C 3.199758 3.656686 0.000000
C 4.335500 4.047801 0.000000
H 5.347192 4.396198 0.000000
C 0.541602 5.260091 -0.000100
C -0.611930 6.016651 -0.000121
C -0.197891 7.404279 -0.000106
C 1.181831 7.403582 -0.000177
O 1.661219 6.093230 -0.000273
H -1.841086 5.593361 -0.000048
C -0.993565 8.432337 -0.000118
C -1.728767 9.382262 -0.000129
H -2.383668 10.228433 -0.000139
C 2.108531 8.315282 -0.000153
C 2.131041 9.694598 -0.000156
C 3.525025 10.086704 -0.000119
C 4.262193 8.920420 -0.000195
O 3.411236 7.814658 -0.000316
H 1.116101 10.506938 -0.000087
C 3.968311 11.308792 -0.000109
C 4.377907 12.438000 -0.000101
H 4.742766 13.443872 -0.000093
C 5.528128 8.624826 -0.000159
C 6.705733 9.343343 -0.000152
C 7.782458 8.375045 -0.000102
C 7.191082 7.128486 -0.000182
O 5.801659 7.256307 -0.000316
H 7.618211 5.900661 -0.000139
H 6.849485 10.635371 -0.000084
C 9.052193 8.653920 -0.000082
C 10.225429 8.911601 -0.000063
H 11.270519 9.141137 -0.000046
1  2 2.0 5 1.0 6 1.0
2  3 1.0 7 1.0
3  4 2.0 8 1.0
4  5 1.0 11 1.0
5 
6 
7 
8  9 3.0
9  10 1.0
10 
11  12 2.0 15 1.0
12  13 1.0 16 1.0
13  14 2.0 17 1.0
14  15 1.0 20 1.0
15 
16 
17  18 3.0
18  19 1.0
19 
20  21 2.0 24 1.0
21  22 1.0 25 1.0
22  23 2.0 26 1.0
23  24 1.0 29 1.0
24 
25 
26  27 3.0
27  28 1.0
28 
29  30 2.0 33 1.0
30  31 1.0 35 1.0
31  32 2.0 36 1.0
32  33 1.0 34 1.0
33 
34 
35 
36  37 3.0
37  38 1.0
38 