C 0.176300 1.846000 0.000000
C 1.555800 1.846000 0.000000
C 1.970600 3.233400 0.000000
C 0.816500 3.989500 -0.000100
O -0.303000 3.156700 -0.000200
H -0.750400 0.934300 0.000000
H 2.351470 0.817939 0.000100
O 3.199801 3.656700 0.000000
H 3.208092 4.616665 0.000000
C 0.541602 5.260091 -0.000100
C -0.611930 6.016651 -0.000121
C -0.197891 7.404279 -0.000106
C 1.181831 7.403582 -0.000177
O 1.661219 6.093230 -0.000273
H 2.108538 8.315289 -0.000153
H -1.841086 5.593361 -0.000048
O -0.993593 8.432373 -0.000118
H -1.905349 8.131873 -0.000121
1  2 2.0 5 1.0 6 1.0
2  3 1.0 7 1.0
3  4 2.0 8 1.0
4  5 1.0 10 1.0
5 
6 
7 
8  9 1.0
9 
10  11 2.0 14 1.0
11  12 1.0 16 1.0
12  13 2.0 17 1.0
13  14 1.0 15 1.0
14 
15 
16 
17  18 1.0
18 