C 0.176300 1.846000 0.000000
C 1.555800 1.846000 0.000000
C 1.970600 3.233400 0.000000
C 0.816500 3.989500 -0.000100
O -0.303000 3.156700 -0.000200
H -0.750400 0.934300 0.000000
H 2.351470 0.817939 0.000100
O 3.199801 3.656700 0.000000
H 3.208092 4.616665 0.000000
C 0.541602 5.260091 -0.000100
C 1.279239 6.425814 -0.000100
C 0.328639 7.518196 -0.000100
C -0.927404 6.947239 -0.000200
O -0.822271 5.555915 -0.000300
H 2.573441 6.548464 -0.000000
O 0.628207 8.783256 -0.000100
H -0.178562 9.303568 -0.000100
C -2.148087 7.394343 -0.000200
C -2.738738 8.641000 -0.000200
C -4.170135 8.421822 -0.000200
C -4.359281 7.055126 -0.000300
O -3.127350 6.400006 -0.000400
H -5.389822 6.262674 -0.000300
H -2.150354 9.800225 -0.000100
O -5.078971 9.351411 -0.000200
H -5.950042 8.947882 -0.000200
1  2 2.0 5 1.0 6 1.0
2  3 1.0 7 1.0
3  4 2.0 8 1.0
4  5 1.0 10 1.0
5 
6 
7 
8  9 1.0
9 
10  11 2.0 14 1.0
11  12 1.0 15 1.0
12  13 2.0 16 1.0
13  14 1.0 18 1.0
14 
15 
16  17 1.0
17 
18  19 2.0 22 1.0
19  20 1.0 24 1.0
20  21 2.0 25 1.0
21  22 1.0 23 1.0
22 
23 
24 
25  26 1.0
26 