C 0.176300 1.846000 0.000000
C 1.555800 1.846000 0.000000
C 1.970600 3.233400 0.000000
C 0.816500 3.989500 -0.000100
O -0.303000 3.156700 -0.000200
H -0.750400 0.934300 0.000000
H 2.351470 0.817939 0.000100
O 3.199801 3.656700 0.000000
H 3.208092 4.616665 0.000000
C 0.541602 5.260091 -0.000100
C -0.611930 6.016651 -0.000121
C -0.197891 7.404279 -0.000106
C 1.181831 7.403582 -0.000177
O 1.661219 6.093230 -0.000273
H -1.841086 5.593361 -0.000048
O -0.993593 8.432373 -0.000118
H -1.905349 8.131873 -0.000121
C 2.108531 8.315282 -0.000153
C 2.131041 9.694598 -0.000156
C 3.525025 10.086704 -0.000119
C 4.262193 8.920420 -0.000195
O 3.411236 7.814658 -0.000316
H 1.116101 10.506938 -0.000087
O 3.968327 11.308835 -0.000109
H 3.226866 11.918618 -0.000107
C 5.528128 8.624826 -0.000159
C 6.265766 7.459102 -0.000132
C 7.659964 7.850444 -0.000097
C 7.681781 9.229994 -0.000205
O 6.379426 9.730700 -0.000343
H 8.608488 10.141701 -0.000185
H 5.822475 6.237017 -0.000036
O 8.674938 7.038072 -0.000064
H 9.490573 7.544372 -0.000056
1  2 2.0 5 1.0 6 1.0
2  3 1.0 7 1.0
3  4 2.0 8 1.0
4  5 1.0 10 1.0
5 
6 
7 
8  9 1.0
9 
10  11 2.0 14 1.0
11  12 1.0 15 1.0
12  13 2.0 16 1.0
13  14 1.0 18 1.0
14 
15 
16  17 1.0
17 
18  19 2.0 22 1.0
19  20 1.0 23 1.0
20  21 2.0 24 1.0
21  22 1.0 26 1.0
22 
23 
24  25 1.0
25 
26  27 2.0 30 1.0
27  28 1.0 32 1.0
28  29 2.0 33 1.0
29  30 1.0 31 1.0
30 
31 
32 
33  34 1.0
34 