C 0.176300 1.846000 0.000000
C 1.555800 1.846000 0.000000
C 1.970600 3.233400 0.000000
C 0.816500 3.989500 -0.000100
O -0.303000 3.156700 -0.000200
H -0.750400 0.934300 0.000000
H 2.351470 0.817939 0.000100
O 3.199801 3.656700 -0.000000
C 4.089981 2.537558 -0.000073
H 5.101532 2.886380 -0.000238
H 3.917403 1.944452 0.873681
H 3.917149 1.944364 -0.873619
C 0.541602 5.260091 -0.000100
C 1.279239 6.425814 -0.000100
C 0.328639 7.518196 -0.000100
C -0.927404 6.947239 -0.000200
O -0.822271 5.555915 -0.000300
H 2.573441 6.548464 -0.000000
O 0.628207 8.783257 -0.000100
C 2.049910 8.937068 -0.000173
H 2.296034 9.978382 -0.000338
H 2.458825 8.474092 0.873581
H 2.458764 8.473830 -0.873719
C -2.148087 7.394343 -0.000200
C -2.738738 8.641000 -0.000200
C -4.170135 8.421822 -0.000200
C -4.359281 7.055126 -0.000300
O -3.127350 6.400006 -0.000400
H -2.150354 9.800225 -0.000100
O -5.078971 9.351411 -0.000200
C -4.448743 10.635044 -0.000273
H -5.197082 11.399831 -0.000438
H -3.838860 10.733031 0.873481
H -3.838672 10.732839 -0.873819
C -5.389815 6.262680 -0.000300
C -5.579620 4.896300 -0.000321
C -7.010897 4.676337 -0.000306
C -7.601014 5.923493 -0.000377
O -6.622102 6.917761 -0.000473
H -8.821706 6.370600 -0.000353
H -4.670813 3.966747 -0.000248
O -7.599297 3.517069 -0.000318
C -9.017343 3.701583 -0.000396
H -9.501228 2.747241 -0.000570
H -9.306043 4.247665 0.873363
H -9.305914 4.247919 -0.873937
1  2 2.0 5 1.0 6 1.0
2  3 1.0 7 1.0
3  4 2.0 8 1.0
4  5 1.0 13 1.0
5 
6 
7 
8  9 1.0
9  10 1.0 11 1.0 12 1.0
10 
11 
12 
13  14 2.0 17 1.0
14  15 1.0 18 1.0
15  16 2.0 19 1.0
16  17 1.0 24 1.0
17 
18 
19  20 1.0
20  21 1.0 22 1.0 23 1.0
21 
22 
23 
24  25 2.0 28 1.0
25  26 1.0 29 1.0
26  27 2.0 30 1.0
27  28 1.0 35 1.0
28 
29 
30  31 1.0
31  32 1.0 33 1.0 34 1.0
32 
33 
34 
35  36 2.0 39 1.0
36  37 1.0 41 1.0
37  38 2.0 42 1.0
38  39 1.0 40 1.0
39 
40 
41 
42  43 1.0
43  44 1.0 45 1.0 46 1.0
44 
45 
46 