C 0.176300 1.846000 0.000000
C 1.555800 1.846000 0.000000
C 1.970600 3.233400 0.000000
C 0.816500 3.989500 -0.000100
O -0.303000 3.156700 -0.000200
H -0.750400 0.934300 0.000000
C 2.351470 0.817939 0.000100
C 3.086669 -0.131989 0.000192
H 3.741566 -0.978163 0.000275
H 3.199758 3.656686 0.000000
C 0.541602 5.260091 -0.000100
C -0.611930 6.016651 -0.000121
C -0.197891 7.404279 -0.000106
C 1.181831 7.403582 -0.000177
O 1.661219 6.093230 -0.000273
C -1.841086 5.593361 -0.000048
C -2.976827 5.202241 0.000019
H -3.988517 4.853841 0.000078
H -0.993565 8.432337 -0.000118
C 2.108531 8.315282 -0.000153
C 2.131041 9.694598 -0.000156
C 3.525025 10.086704 -0.000119
C 4.262193 8.920420 -0.000195
O 3.411236 7.814658 -0.000316
C 1.116101 10.506938 -0.000087
C 0.178295 11.257539 -0.000022
H -0.657079 11.926157 0.000035
H 3.968311 11.308792 -0.000109
C 5.528128 8.624826 -0.000159
C 6.265766 7.459102 -0.000132
C 7.659964 7.850444 -0.000097
C 7.681781 9.229994 -0.000205
O 6.379426 9.730700 -0.000343
H 8.608488 10.141701 -0.000185
C 5.822475 6.237017 -0.000036
C 5.412875 5.107810 0.000052
H 5.048012 4.101939 0.000131
H 8.674902 7.038101 -0.000064
1  2 2.0 5 1.0 6 1.0
2  3 1.0 7 1.0
3  4 2.0 10 1.0
4  5 1.0 11 1.0
5 
6 
7  8 3.0
8  9 1.0
9 
10 
11  12 2.0 15 1.0
12  13 1.0 16 1.0
13  14 2.0 19 1.0
14  15 1.0 20 1.0
15 
16  17 3.0
17  18 1.0
18 
19 
20  21 2.0 24 1.0
21  22 1.0 25 1.0
22  23 2.0 28 1.0
23  24 1.0 29 1.0
24 
25  26 3.0
26  27 1.0
27 
28 
29  30 2.0 33 1.0
30  31 1.0 35 1.0
31  32 2.0 38 1.0
32  33 1.0 34 1.0
33 
34 
35  36 3.0
36  37 1.0
37 
38 