C 0.176300 1.846000 0.000000
C 1.555800 1.846000 0.000000
C 1.970600 3.233400 0.000000
C 0.816500 3.989500 -0.000100
O -0.303000 3.156700 -0.000200
H -0.750400 0.934300 0.000000
C 2.351470 0.817939 0.000100
C 3.086669 -0.131989 0.000192
H 3.741566 -0.978163 0.000275
C 3.199758 3.656686 0.000000
C 4.335500 4.047801 0.000000
H 5.347192 4.396198 0.000000
C 0.541602 5.260091 -0.000100
C -0.611930 6.016651 -0.000121
C -0.197891 7.404279 -0.000106
C 1.181831 7.403582 -0.000177
O 1.661219 6.093230 -0.000273
H 2.108538 8.315289 -0.000153
C -1.841086 5.593361 -0.000048
C -2.976827 5.202241 0.000019
H -3.988517 4.853841 0.000078
C -0.993565 8.432337 -0.000118
C -1.728767 9.382262 -0.000129
H -2.383668 10.228433 -0.000139
1  2 2.0 5 1.0 6 1.0
2  3 1.0 7 1.0
3  4 2.0 10 1.0
4  5 1.0 13 1.0
5 
6 
7  8 3.0
8  9 1.0
9 
10  11 3.0
11  12 1.0
12 
13  14 2.0 17 1.0
14  15 1.0 19 1.0
15  16 2.0 22 1.0
16  17 1.0 18 1.0
17 
18 
19  20 3.0
20  21 1.0
21 
22  23 3.0
23  24 1.0
24 