C 0.176300 1.846000 0.000000
C 1.555800 1.846000 0.000000
C 1.970600 3.233400 0.000000
C 0.816500 3.989500 -0.000100
O -0.303000 3.156700 -0.000200
H -0.750400 0.934300 0.000000
C 2.351470 0.817939 0.000100
C 3.086669 -0.131989 0.000192
H 3.741566 -0.978163 0.000275
C 3.199758 3.656686 0.000000
C 4.335500 4.047801 0.000000
H 5.347192 4.396198 0.000000
C 0.541602 5.260091 -0.000100
C 1.279239 6.425814 -0.000100
C 0.328639 7.518196 -0.000100
C -0.927404 6.947239 -0.000200
O -0.822271 5.555915 -0.000300
C 2.573441 6.548464 -0.000000
C 3.769283 6.661792 0.000092
H 4.834510 6.762742 0.000175
C 0.628196 8.783212 -0.000100
C 0.904987 9.952087 -0.000100
H 1.151545 10.993292 -0.000100
C -2.148087 7.394343 -0.000200
C -2.738738 8.641000 -0.000200
C -4.170135 8.421822 -0.000200
C -4.359281 7.055126 -0.000300
O -3.127350 6.400006 -0.000400
H -5.389822 6.262674 -0.000300
C -2.150354 9.800225 -0.000100
C -1.606687 10.871350 -0.000008
H -1.122402 11.825482 0.000075
C -5.078939 9.351379 -0.000200
C -5.918674 10.210289 -0.000200
H -6.666689 10.975386 -0.000200
1  2 2.0 5 1.0 6 1.0
2  3 1.0 7 1.0
3  4 2.0 10 1.0
4  5 1.0 13 1.0
5 
6 
7  8 3.0
8  9 1.0
9 
10  11 3.0
11  12 1.0
12 
13  14 2.0 17 1.0
14  15 1.0 18 1.0
15  16 2.0 21 1.0
16  17 1.0 24 1.0
17 
18  19 3.0
19  20 1.0
20 
21  22 3.0
22  23 1.0
23 
24  25 2.0 28 1.0
25  26 1.0 30 1.0
26  27 2.0 33 1.0
27  28 1.0 29 1.0
28 
29 
30  31 3.0
31  32 1.0
32 
33  34 3.0
34  35 1.0
35 