C 0.176300 1.846000 0.000000
C 1.555800 1.846000 0.000000
C 1.970600 3.233400 0.000000
C 0.816500 3.989500 -0.000100
O -0.303000 3.156700 -0.000200
H -0.750400 0.934300 0.000000
C 2.351470 0.817939 0.000100
C 3.086669 -0.131989 0.000192
H 3.741566 -0.978163 0.000275
C 3.199758 3.656686 0.000000
C 4.335500 4.047801 0.000000
H 5.347192 4.396198 0.000000
C 0.541602 5.260091 -0.000100
C 1.279239 6.425814 -0.000100
C 0.328639 7.518196 -0.000100
C -0.927404 6.947239 -0.000200
O -0.822271 5.555915 -0.000300
H -2.148096 7.394347 -0.000200
C 2.573441 6.548464 -0.000000
C 3.769283 6.661792 0.000092
H 4.834510 6.762742 0.000175
C 0.628196 8.783212 -0.000100
C 0.904987 9.952087 -0.000100
H 1.151545 10.993292 -0.000100
1  2 2.0 5 1.0 6 1.0
2  3 1.0 7 1.0
3  4 2.0 10 1.0
4  5 1.0 13 1.0
5 
6 
7  8 3.0
8  9 1.0
9 
10  11 3.0
11  12 1.0
12 
13  14 2.0 17 1.0
14  15 1.0 19 1.0
15  16 2.0 22 1.0
16  17 1.0 18 1.0
17 
18 
19  20 3.0
20  21 1.0
21 
22  23 3.0
23  24 1.0
24 