C 0.176300 1.846000 0.000000
C 1.555800 1.846000 0.000000
C 1.970600 3.233400 0.000000
C 0.816500 3.989500 -0.000100
O -0.303000 3.156700 -0.000200
H -0.750400 0.934300 0.000000
C 2.351470 0.817939 0.000100
C 3.086669 -0.131989 0.000192
H 3.741566 -0.978163 0.000275
O 3.199801 3.656700 0.000000
H 3.208092 4.616665 0.000000
C 0.541602 5.260091 -0.000100
C -0.611930 6.016651 -0.000121
C -0.197891 7.404279 -0.000106
C 1.181831 7.403582 -0.000177
O 1.661219 6.093230 -0.000273
C -1.841086 5.593361 -0.000048
C -2.976827 5.202241 0.000019
H -3.988517 4.853841 0.000078
O -0.993593 8.432373 -0.000118
H -1.905349 8.131873 -0.000121
C 2.108531 8.315282 -0.000153
C 3.488031 8.315282 -0.000136
C 3.902831 9.702682 -0.000113
C 2.748731 10.458782 -0.000218
O 1.629231 9.625982 -0.000343
C 4.283701 7.287221 -0.000038
C 5.018900 6.337293 0.000051
H 5.673798 5.491119 0.000131
O 5.132033 10.125982 -0.000092
H 5.140323 11.085947 -0.000086
C 2.473833 11.729373 -0.000206
C 1.320301 12.485933 -0.000217
C 1.734341 13.873561 -0.000190
C 3.114063 13.872864 -0.000264
O 3.593451 12.562511 -0.000373
H 4.040770 14.784571 -0.000233
C 0.091145 12.062643 -0.000146
C -1.044595 11.671523 -0.000080
H -2.056286 11.323123 -0.000022
O 0.938639 14.901655 -0.000190
H 0.026882 14.601155 -0.000190
1  2 2.0 5 1.0 6 1.0
2  3 1.0 7 1.0
3  4 2.0 10 1.0
4  5 1.0 12 1.0
5 
6 
7  8 3.0
8  9 1.0
9 
10  11 1.0
11 
12  13 2.0 16 1.0
13  14 1.0 17 1.0
14  15 2.0 20 1.0
15  16 1.0 22 1.0
16 
17  18 3.0
18  19 1.0
19 
20  21 1.0
21 
22  23 2.0 26 1.0
23  24 1.0 27 1.0
24  25 2.0 30 1.0
25  26 1.0 32 1.0
26 
27  28 3.0
28  29 1.0
29 
30  31 1.0
31 
32  33 2.0 36 1.0
33  34 1.0 38 1.0
34  35 2.0 41 1.0
35  36 1.0 37 1.0
36 
37 
38  39 3.0
39  40 1.0
40 
41  42 1.0
42 