C 0.176300 1.846000 0.000000
C 1.555800 1.846000 0.000000
C 1.970600 3.233400 0.000000
C 0.816500 3.989500 -0.000100
O -0.303000 3.156700 -0.000200
H -0.750400 0.934300 0.000000
C 2.351470 0.817939 0.000100
C 3.086669 -0.131989 0.000192
H 3.741566 -0.978163 0.000275
C 3.200053 3.656787 0.000000
H 3.252840 4.598954 0.504427
H 3.537290 3.772992 -1.008848
H 3.821731 2.946831 0.504359
C 0.541602 5.260091 -0.000100
C 1.279239 6.425814 -0.000100
C 0.328639 7.518196 -0.000100
C -0.927404 6.947239 -0.000200
O -0.822271 5.555915 -0.000300
C 2.573441 6.548464 -0.000000
C 3.769283 6.661792 0.000092
H 4.834510 6.762742 0.000175
C 0.628268 8.783515 -0.000100
H -0.139669 9.331912 0.504327
H 0.710396 9.130628 -1.008948
H 1.560625 8.929231 0.504259
C -2.148087 7.394343 -0.000200
C -3.404215 6.824114 -0.000221
C -4.355414 7.915974 -0.000206
C -3.617069 9.081512 -0.000277
O -2.253443 8.785948 -0.000373
C -3.703767 5.559096 -0.000148
C -3.980553 4.390220 -0.000081
H -4.227108 3.349014 -0.000022
C -5.649926 7.793290 -0.000218
H -5.922596 6.889896 0.504206
H -6.005015 7.759570 -1.009069
H -6.087408 8.629433 0.504138
C -3.891967 10.352103 -0.000253
C -3.154330 11.517827 -0.000236
C -4.104930 12.610208 -0.000213
C -5.360973 12.039252 -0.000318
O -5.255841 10.647928 -0.000443
H -6.581665 12.486359 -0.000306
C -1.860129 11.640476 -0.000138
C -0.664287 11.753805 -0.000049
H 0.400941 11.854754 0.000031
C -3.805301 13.875528 -0.000192
H -4.573240 14.423916 0.504241
H -3.723170 14.222656 -1.009034
H -2.872947 14.021236 0.504173
1  2 2.0 5 1.0 6 1.0
2  3 1.0 7 1.0
3  4 2.0 10 1.0
4  5 1.0 14 1.0
5 
6 
7  8 3.0
8  9 1.0
9 
10  11 1.0 12 1.0 13 1.0
11 
12 
13 
14  15 2.0 18 1.0
15  16 1.0 19 1.0
16  17 2.0 22 1.0
17  18 1.0 26 1.0
18 
19  20 3.0
20  21 1.0
21 
22  23 1.0 24 1.0 25 1.0
23 
24 
25 
26  27 2.0 30 1.0
27  28 1.0 31 1.0
28  29 2.0 34 1.0
29  30 1.0 38 1.0
30 
31  32 3.0
32  33 1.0
33 
34  35 1.0 36 1.0 37 1.0
35 
36 
37 
38  39 2.0 42 1.0
39  40 1.0 44 1.0
40  41 2.0 47 1.0
41  42 1.0 43 1.0
42 
43 
44  45 3.0
45  46 1.0
46 
47  48 1.0 49 1.0 50 1.0
48 
49 
50 