C 0.176300 1.846000 0.000000
C 1.555800 1.846000 0.000000
C 1.970600 3.233400 0.000000
C 0.816500 3.989500 -0.000100
O -0.303000 3.156700 -0.000200
H -0.750400 0.934300 0.000000
C 2.351470 0.817939 0.000100
C 3.086669 -0.131989 0.000192
H 3.741566 -0.978163 0.000275
C 3.200053 3.656787 0.000000
H 3.252840 4.598954 0.504427
H 3.537290 3.772992 -1.008848
H 3.821731 2.946831 0.504359
C 0.541602 5.260091 -0.000100
C -0.611930 6.016651 -0.000121
C -0.197891 7.404279 -0.000106
C 1.181831 7.403582 -0.000177
O 1.661219 6.093230 -0.000273
C -1.841086 5.593361 -0.000048
C -2.976827 5.202241 0.000019
H -3.988517 4.853841 0.000078
C -0.993756 8.432583 -0.000118
H -1.902954 8.179942 0.504306
H -1.212121 8.714615 -1.008969
H -0.521114 9.249367 0.504238
C 2.108531 8.315282 -0.000153
C 3.488031 8.315282 -0.000136
C 3.902831 9.702682 -0.000113
C 2.748731 10.458782 -0.000218
O 1.629231 9.625982 -0.000343
C 4.283701 7.287221 -0.000038
C 5.018900 6.337293 0.000051
H 5.673798 5.491119 0.000131
C 5.132285 10.126069 -0.000092
H 5.185064 11.068234 0.504341
H 5.469537 10.242279 -1.008934
H 5.753955 9.416110 0.504273
C 2.473833 11.729373 -0.000206
C 3.211471 12.895096 -0.000196
C 2.260870 13.987478 -0.000184
C 1.004828 13.416521 -0.000287
O 1.109960 12.025197 -0.000400
H -0.215864 13.863629 -0.000280
C 4.505672 13.017746 -0.000098
C 5.701514 13.131074 -0.000007
H 6.766741 13.232024 0.000075
C 2.560499 15.252797 -0.000172
H 1.792561 15.801189 0.504258
H 2.642629 15.599919 -1.009017
H 3.492855 15.398509 0.504190
1  2 2.0 5 1.0 6 1.0
2  3 1.0 7 1.0
3  4 2.0 10 1.0
4  5 1.0 14 1.0
5 
6 
7  8 3.0
8  9 1.0
9 
10  11 1.0 12 1.0 13 1.0
11 
12 
13 
14  15 2.0 18 1.0
15  16 1.0 19 1.0
16  17 2.0 22 1.0
17  18 1.0 26 1.0
18 
19  20 3.0
20  21 1.0
21 
22  23 1.0 24 1.0 25 1.0
23 
24 
25 
26  27 2.0 30 1.0
27  28 1.0 31 1.0
28  29 2.0 34 1.0
29  30 1.0 38 1.0
30 
31  32 3.0
32  33 1.0
33 
34  35 1.0 36 1.0 37 1.0
35 
36 
37 
38  39 2.0 42 1.0
39  40 1.0 44 1.0
40  41 2.0 47 1.0
41  42 1.0 43 1.0
42 
43 
44  45 3.0
45  46 1.0
46 
47  48 1.0 49 1.0 50 1.0
48 
49 
50 