C 0.176300 1.846000 0.000000
C 1.555800 1.846000 0.000000
C 1.970600 3.233400 0.000000
C 0.816500 3.989500 -0.000100
O -0.303000 3.156700 -0.000200
H -0.750400 0.934300 0.000000
C 2.351470 0.817939 0.000100
C 3.086669 -0.131989 0.000192
H 3.741566 -0.978163 0.000275
C 3.200053 3.656787 0.000000
H 3.252840 4.598954 0.504427
H 3.537290 3.772992 -1.008848
H 3.821731 2.946831 0.504359
C 0.541602 5.260091 -0.000100
C -0.611930 6.016651 -0.000121
C -0.197891 7.404279 -0.000106
C 1.181831 7.403582 -0.000177
O 1.661219 6.093230 -0.000273
C -1.841086 5.593361 -0.000048
C -2.976827 5.202241 0.000019
H -3.988517 4.853841 0.000078
C -0.993756 8.432583 -0.000118
H -1.902954 8.179942 0.504306
H -1.212121 8.714615 -1.008969
H -0.521114 9.249367 0.504238
C 2.108531 8.315282 -0.000153
C 2.131041 9.694598 -0.000156
C 3.525025 10.086704 -0.000119
C 4.262193 8.920420 -0.000195
O 3.411236 7.814658 -0.000316
C 1.116101 10.506938 -0.000087
C 0.178295 11.257539 -0.000022
H -0.657079 11.926157 0.000035
C 3.968417 11.309085 -0.000109
H 3.268764 11.942290 0.504320
H 4.089987 11.644433 -1.008955
H 4.911352 11.346425 0.504252
C 5.528128 8.624826 -0.000159
C 6.265766 7.459102 -0.000132
C 7.659964 7.850444 -0.000097
C 7.681781 9.229994 -0.000205
O 6.379426 9.730700 -0.000343
H 8.608488 10.141701 -0.000185
C 5.822475 6.237017 -0.000036
C 5.412875 5.107810 0.000052
H 5.048012 4.101939 0.000131
C 8.675146 7.037906 -0.000064
H 9.499525 7.497097 0.504372
H 8.953687 6.815050 -1.008903
H 8.407619 6.132952 0.504304
1  2 2.0 5 1.0 6 1.0
2  3 1.0 7 1.0
3  4 2.0 10 1.0
4  5 1.0 14 1.0
5 
6 
7  8 3.0
8  9 1.0
9 
10  11 1.0 12 1.0 13 1.0
11 
12 
13 
14  15 2.0 18 1.0
15  16 1.0 19 1.0
16  17 2.0 22 1.0
17  18 1.0 26 1.0
18 
19  20 3.0
20  21 1.0
21 
22  23 1.0 24 1.0 25 1.0
23 
24 
25 
26  27 2.0 30 1.0
27  28 1.0 31 1.0
28  29 2.0 34 1.0
29  30 1.0 38 1.0
30 
31  32 3.0
32  33 1.0
33 
34  35 1.0 36 1.0 37 1.0
35 
36 
37 
38  39 2.0 42 1.0
39  40 1.0 44 1.0
40  41 2.0 47 1.0
41  42 1.0 43 1.0
42 
43 
44  45 3.0
45  46 1.0
46 
47  48 1.0 49 1.0 50 1.0
48 
49 
50 