C 0.176300 1.846000 0.000000
C 1.555800 1.846000 0.000000
C 1.970600 3.233400 0.000000
C 0.816500 3.989500 -0.000100
O -0.303000 3.156700 -0.000200
H -0.750400 0.934300 0.000000
O 2.351498 0.817903 0.000100
H 3.263256 1.118399 0.000125
H 3.199758 3.656686 0.000000
C 0.541602 5.260091 -0.000100
C -0.611930 6.016651 -0.000121
C -0.197891 7.404279 -0.000106
C 1.181831 7.403582 -0.000177
O 1.661219 6.093230 -0.000273
O -1.841130 5.593346 -0.000048
H -1.849417 4.633382 -0.000030
H -0.993565 8.432337 -0.000118
C 2.108531 8.315282 -0.000153
C 2.131041 9.694598 -0.000156
C 3.525025 10.086704 -0.000119
C 4.262193 8.920420 -0.000195
O 3.411236 7.814658 -0.000316
O 1.116065 10.506966 -0.000087
H 0.300432 10.000663 -0.000070
H 3.968311 11.308792 -0.000109
C 5.528128 8.624826 -0.000159
C 6.265766 7.459102 -0.000132
C 7.659964 7.850444 -0.000097
C 7.681781 9.229994 -0.000205
O 6.379426 9.730700 -0.000343
H 8.608488 10.141701 -0.000185
O 5.822460 6.236974 -0.000036
H 6.563918 5.627187 -0.000012
H 8.674902 7.038101 -0.000064
1  2 2.0 5 1.0 6 1.0
2  3 1.0 7 1.0
3  4 2.0 9 1.0
4  5 1.0 10 1.0
5 
6 
7  8 1.0
8 
9 
10  11 2.0 14 1.0
11  12 1.0 15 1.0
12  13 2.0 17 1.0
13  14 1.0 18 1.0
14 
15  16 1.0
16 
17 
18  19 2.0 22 1.0
19  20 1.0 23 1.0
20  21 2.0 25 1.0
21  22 1.0 26 1.0
22 
23  24 1.0
24 
25 
26  27 2.0 30 1.0
27  28 1.0 32 1.0
28  29 2.0 34 1.0
29  30 1.0 31 1.0
30 
31 
32  33 1.0
33 
34 