C 0.176300 1.846000 0.000000
C 1.555800 1.846000 0.000000
C 1.970600 3.233400 0.000000
C 0.816500 3.989500 -0.000100
O -0.303000 3.156700 -0.000200
H -0.750400 0.934300 0.000000
O 2.351498 0.817903 0.000100
H 3.263256 1.118399 0.000125
C 3.199758 3.656686 0.000000
C 4.335500 4.047801 0.000000
H 5.347192 4.396198 0.000000
C 0.541602 5.260091 -0.000100
C -0.611930 6.016651 -0.000121
C -0.197891 7.404279 -0.000106
C 1.181831 7.403582 -0.000177
O 1.661219 6.093230 -0.000273
O -1.841130 5.593346 -0.000048
H -1.849417 4.633382 -0.000030
C -0.993565 8.432337 -0.000118
C -1.728767 9.382262 -0.000129
H -2.383668 10.228433 -0.000139
C 2.108531 8.315282 -0.000153
C 3.488031 8.315282 -0.000136
C 3.902831 9.702682 -0.000113
C 2.748731 10.458782 -0.000218
O 1.629231 9.625982 -0.000343
H 2.473831 11.729382 -0.000206
O 4.283729 7.287185 -0.000038
H 5.195487 7.587681 -0.000015
C 5.131989 10.125967 -0.000092
C 6.267731 10.517083 -0.000072
H 7.279423 10.865480 -0.000055
1  2 2.0 5 1.0 6 1.0
2  3 1.0 7 1.0
3  4 2.0 9 1.0
4  5 1.0 12 1.0
5 
6 
7  8 1.0
8 
9  10 3.0
10  11 1.0
11 
12  13 2.0 16 1.0
13  14 1.0 17 1.0
14  15 2.0 19 1.0
15  16 1.0 22 1.0
16 
17  18 1.0
18 
19  20 3.0
20  21 1.0
21 
22  23 2.0 26 1.0
23  24 1.0 28 1.0
24  25 2.0 30 1.0
25  26 1.0 27 1.0
26 
27 
28  29 1.0
29 
30  31 3.0
31  32 1.0
32 