C 0.176300 1.846000 0.000000
C 1.555800 1.846000 0.000000
C 1.970600 3.233400 0.000000
C 0.816500 3.989500 -0.000100
O -0.303000 3.156700 -0.000200
H -0.750400 0.934300 0.000000
O 2.351498 0.817903 0.000100
H 3.263256 1.118399 0.000125
O 3.199801 3.656700 0.000000
H 3.208092 4.616665 0.000000
C 0.541602 5.260091 -0.000100
C -0.611930 6.016651 -0.000121
C -0.197891 7.404279 -0.000106
C 1.181831 7.403582 -0.000177
O 1.661219 6.093230 -0.000273
O -1.841130 5.593346 -0.000048
H -1.849417 4.633382 -0.000030
O -0.993593 8.432373 -0.000118
H -1.905349 8.131873 -0.000121
C 2.108531 8.315282 -0.000153
C 3.488031 8.315282 -0.000136
C 3.902831 9.702682 -0.000113
C 2.748731 10.458782 -0.000218
O 1.629231 9.625982 -0.000343
O 4.283729 7.287185 -0.000038
H 5.195487 7.587681 -0.000015
O 5.132033 10.125982 -0.000092
H 5.140323 11.085947 -0.000086
C 2.473833 11.729373 -0.000206
C 3.211471 12.895096 -0.000196
C 2.260870 13.987478 -0.000184
C 1.004828 13.416521 -0.000287
O 1.109960 12.025197 -0.000400
H -0.215864 13.863629 -0.000280
O 4.505718 13.017750 -0.000098
H 4.739317 13.948895 -0.000073
O 2.560438 15.252538 -0.000172
H 1.753669 15.772850 -0.000170
1  2 2.0 5 1.0 6 1.0
2  3 1.0 7 1.0
3  4 2.0 9 1.0
4  5 1.0 11 1.0
5 
6 
7  8 1.0
8 
9  10 1.0
10 
11  12 2.0 15 1.0
12  13 1.0 16 1.0
13  14 2.0 18 1.0
14  15 1.0 20 1.0
15 
16  17 1.0
17 
18  19 1.0
19 
20  21 2.0 24 1.0
21  22 1.0 25 1.0
22  23 2.0 27 1.0
23  24 1.0 29 1.0
24 
25  26 1.0
26 
27  28 1.0
28 
29  30 2.0 33 1.0
30  31 1.0 35 1.0
31  32 2.0 37 1.0
32  33 1.0 34 1.0
33 
34 
35  36 1.0
36 
37  38 1.0
38 