C 0.176300 1.846000 0.000000
C 1.555800 1.846000 0.000000
C 1.970600 3.233400 0.000000
C 0.816500 3.989500 -0.000100
O -0.303000 3.156700 -0.000200
H -0.750400 0.934300 0.000000
O 2.351498 0.817903 0.000100
H 3.263256 1.118399 0.000125
C 3.200053 3.656787 0.000000
H 3.252840 4.598954 0.504427
H 3.537290 3.772992 -1.008848
H 3.821731 2.946831 0.504359
C 0.541602 5.260091 -0.000100
C 1.279239 6.425814 -0.000100
C 0.328639 7.518196 -0.000100
C -0.927404 6.947239 -0.000200
O -0.822271 5.555915 -0.000300
H -2.148096 7.394347 -0.000200
O 2.573486 6.548468 -0.000000
H 2.807086 7.479613 0.000025
C 0.628268 8.783515 -0.000100
H -0.139669 9.331912 0.504327
H 0.710396 9.130628 -1.008948
H 1.560625 8.929231 0.504259
1  2 2.0 5 1.0 6 1.0
2  3 1.0 7 1.0
3  4 2.0 9 1.0
4  5 1.0 13 1.0
5 
6 
7  8 1.0
8 
9  10 1.0 11 1.0 12 1.0
10 
11 
12 
13  14 2.0 17 1.0
14  15 1.0 19 1.0
15  16 2.0 21 1.0
16  17 1.0 18 1.0
17 
18 
19  20 1.0
20 
21  22 1.0 23 1.0 24 1.0
22 
23 
24 