C 0.176300 1.846000 0.000000
C 1.555800 1.846000 0.000000
C 1.970600 3.233400 0.000000
C 0.816500 3.989500 -0.000100
O -0.303000 3.156700 -0.000200
H -0.750400 0.934300 0.000000
H 0.541600 5.260100 -0.000100
O 2.351498 0.817903 0.000100
H 3.263256 1.118399 0.000125
C 3.200053 3.656787 0.000000
H 3.252840 4.598954 0.504427
H 3.537290 3.772992 -1.008848
H 3.821731 2.946831 0.504359
1  2 2.0 5 1.0 6 1.0
2  3 1.0 8 1.0
3  4 2.0 10 1.0
4  5 1.0 7 1.0
5 
6 
7 
8  9 1.0
9 
10  11 1.0 12 1.0 13 1.0
11 
12 
13 