C 0.176300 1.846000 0.000000
C 1.555800 1.846000 0.000000
C 1.970600 3.233400 0.000000
C 0.816500 3.989500 -0.000100
O -0.303000 3.156700 -0.000200
H -0.750400 0.934300 0.000000
C 2.351661 0.817692 0.000100
H 3.260833 1.070364 0.504554
H 2.570078 0.535591 -1.008720
H 1.878990 0.000945 0.504486
H 3.199758 3.656686 0.000000
C 0.541602 5.260091 -0.000100
C -0.611930 6.016651 -0.000121
C -0.197891 7.404279 -0.000106
C 1.181831 7.403582 -0.000177
O 1.661219 6.093230 -0.000273
C -1.841381 5.593260 -0.000048
H -1.894138 4.651101 0.504399
H -2.178671 5.477035 -1.008876
H -2.463036 6.303223 0.504330
H -0.993565 8.432337 -0.000118
C 2.108531 8.315282 -0.000153
C 3.488031 8.315282 -0.000136
C 3.902831 9.702682 -0.000113
C 2.748731 10.458782 -0.000218
O 1.629231 9.625982 -0.000343
H 2.473831 11.729382 -0.000206
C 4.283892 7.286974 -0.000038
H 5.193066 7.539645 0.504415
H 4.502309 7.004874 -1.008860
H 3.811222 6.470226 0.504347
H 5.131989 10.125967 -0.000092
1  2 2.0 5 1.0 6 1.0
2  3 1.0 7 1.0
3  4 2.0 11 1.0
4  5 1.0 12 1.0
5 
6 
7  8 1.0 9 1.0 10 1.0
8 
9 
10 
11 
12  13 2.0 16 1.0
13  14 1.0 17 1.0
14  15 2.0 21 1.0
15  16 1.0 22 1.0
16 
17  18 1.0 19 1.0 20 1.0
18 
19 
20 
21 
22  23 2.0 26 1.0
23  24 1.0 28 1.0
24  25 2.0 32 1.0
25  26 1.0 27 1.0
26 
27 
28  29 1.0 30 1.0 31 1.0
29 
30 
31 
32 