C 0.176300 1.846000 0.000000
C 1.555800 1.846000 0.000000
C 1.970600 3.233400 0.000000
C 0.816500 3.989500 -0.000100
O -0.303000 3.156700 -0.000200
H -0.750400 0.934300 0.000000
C 2.351661 0.817692 0.000100
H 3.260833 1.070364 0.504554
H 2.570078 0.535591 -1.008720
H 1.878990 0.000945 0.504486
C 3.199758 3.656686 0.000000
C 4.335500 4.047801 0.000000
H 5.347192 4.396198 0.000000
C 0.541602 5.260091 -0.000100
C 1.279239 6.425814 -0.000100
C 0.328639 7.518196 -0.000100
C -0.927404 6.947239 -0.000200
O -0.822271 5.555915 -0.000300
C 2.573751 6.548493 0.000000
H 2.846382 7.451882 0.504454
H 2.928927 6.582220 -1.008820
H 3.011187 5.712345 0.504386
C 0.628196 8.783212 -0.000100
C 0.904987 9.952087 -0.000100
H 1.151545 10.993292 -0.000100
C -2.148087 7.394343 -0.000200
C -2.738738 8.641000 -0.000200
C -4.170135 8.421822 -0.000200
C -4.359281 7.055126 -0.000300
O -3.127350 6.400006 -0.000400
C -2.150213 9.800504 -0.000100
H -2.767827 10.513940 0.504354
H -1.988795 10.118673 -1.008920
H -1.209736 9.723051 0.504286
C -5.078939 9.351379 -0.000200
C -5.918674 10.210289 -0.000200
H -6.666689 10.975386 -0.000200
C -5.389815 6.262680 -0.000300
C -6.759110 6.430164 -0.000300
C -7.339285 5.103388 -0.000300
C -6.285520 4.212763 -0.000400
O -5.073192 4.903485 -0.000500
H -6.166916 2.918187 -0.000400
C -7.424237 7.547490 -0.000200
H -8.357361 7.407069 0.504254
H -7.606789 7.854023 -1.009020
H -6.855902 8.300809 0.504186
C -8.610741 4.832465 -0.000300
C -9.785566 4.582132 -0.000300
H -10.832073 4.359142 -0.000300
1  2 2.0 5 1.0 6 1.0
2  3 1.0 7 1.0
3  4 2.0 11 1.0
4  5 1.0 14 1.0
5 
6 
7  8 1.0 9 1.0 10 1.0
8 
9 
10 
11  12 3.0
12  13 1.0
13 
14  15 2.0 18 1.0
15  16 1.0 19 1.0
16  17 2.0 23 1.0
17  18 1.0 26 1.0
18 
19  20 1.0 21 1.0 22 1.0
20 
21 
22 
23  24 3.0
24  25 1.0
25 
26  27 2.0 30 1.0
27  28 1.0 31 1.0
28  29 2.0 35 1.0
29  30 1.0 38 1.0
30 
31  32 1.0 33 1.0 34 1.0
32 
33 
34 
35  36 3.0
36  37 1.0
37 
38  39 2.0 42 1.0
39  40 1.0 44 1.0
40  41 2.0 48 1.0
41  42 1.0 43 1.0
42 
43 
44  45 1.0 46 1.0 47 1.0
45 
46 
47 
48  49 3.0
49  50 1.0
50 