C 0.176300 1.846000 0.000000
C 1.555800 1.846000 0.000000
C 1.970600 3.233400 0.000000
C 0.816500 3.989500 -0.000100
O -0.303000 3.156700 -0.000200
H -0.750400 0.934300 0.000000
C 2.351661 0.817692 0.000100
H 3.260833 1.070364 0.504554
H 2.570078 0.535591 -1.008720
H 1.878990 0.000945 0.504486
O 3.199801 3.656700 -0.000000
C 4.089981 2.537558 -0.000073
H 5.101532 2.886380 -0.000238
H 3.917403 1.944452 0.873681
H 3.917149 1.944364 -0.873619
C 0.541602 5.260091 -0.000100
C -0.611930 6.016651 -0.000121
C -0.197891 7.404279 -0.000106
C 1.181831 7.403582 -0.000177
O 1.661219 6.093230 -0.000273
C -1.841381 5.593260 -0.000048
H -1.894138 4.651101 0.504399
H -2.178671 5.477035 -1.008876
H -2.463036 6.303223 0.504330
O -0.993593 8.432373 -0.000118
C -0.219692 9.634861 -0.000196
H -0.874950 10.480762 -0.000370
H 0.397413 9.661947 0.873563
H 0.397588 9.661722 -0.873737
C 2.108531 8.315282 -0.000153
C 2.131041 9.694598 -0.000156
C 3.525025 10.086704 -0.000119
C 4.262193 8.920420 -0.000195
O 3.411236 7.814658 -0.000316
C 1.115857 10.507133 -0.000087
H 0.291491 10.047930 0.504359
H 0.837292 10.730005 -1.008915
H 1.383392 11.412079 0.504291
O 3.968327 11.308835 -0.000109
C 5.398285 11.297849 -0.000179
H 5.762724 12.303879 -0.000336
H 5.751143 10.790845 0.873573
H 5.751055 10.790604 -0.873727
C 5.528128 8.624826 -0.000159
C 6.705733 9.343343 -0.000152
C 7.782458 8.375045 -0.000102
C 7.191082 7.128486 -0.000182
O 5.801659 7.256307 -0.000316
H 7.618211 5.900661 -0.000139
C 6.849519 10.635681 -0.000084
H 6.020678 11.086757 0.504361
H 6.888901 10.990250 -1.008913
H 7.757284 10.893493 0.504293
O 9.052238 8.653930 -0.000082
C 9.807573 7.439694 -0.000148
H 10.852573 7.669668 -0.000295
H 9.567808 6.870413 0.873601
H 9.567572 6.870361 -0.873698
1  2 2.0 5 1.0 6 1.0
2  3 1.0 7 1.0
3  4 2.0 11 1.0
4  5 1.0 16 1.0
5 
6 
7  8 1.0 9 1.0 10 1.0
8 
9 
10 
11  12 1.0
12  13 1.0 14 1.0 15 1.0
13 
14 
15 
16  17 2.0 20 1.0
17  18 1.0 21 1.0
18  19 2.0 25 1.0
19  20 1.0 30 1.0
20 
21  22 1.0 23 1.0 24 1.0
22 
23 
24 
25  26 1.0
26  27 1.0 28 1.0 29 1.0
27 
28 
29 
30  31 2.0 34 1.0
31  32 1.0 35 1.0
32  33 2.0 39 1.0
33  34 1.0 44 1.0
34 
35  36 1.0 37 1.0 38 1.0
36 
37 
38 
39  40 1.0
40  41 1.0 42 1.0 43 1.0
41 
42 
43 
44  45 2.0 48 1.0
45  46 1.0 50 1.0
46  47 2.0 54 1.0
47  48 1.0 49 1.0
48 
49 
50  51 1.0 52 1.0 53 1.0
51 
52 
53 
54  55 1.0
55  56 1.0 57 1.0 58 1.0
56 
57 
58 