C 0.176300 1.846000 0.000000
C 1.555800 1.846000 0.000000
C 1.970600 3.233400 0.000000
C 0.816500 3.989500 -0.000100
O -0.303000 3.156700 -0.000200
H -0.750400 0.934300 0.000000
C 2.351661 0.817692 0.000100
H 3.260833 1.070364 0.504554
H 2.570078 0.535591 -1.008720
H 1.878990 0.000945 0.504486
O 3.199801 3.656700 -0.000000
C 4.089981 2.537558 -0.000073
H 5.101532 2.886380 -0.000238
H 3.917403 1.944452 0.873681
H 3.917149 1.944364 -0.873619
C 0.541602 5.260091 -0.000100
C -0.611930 6.016651 -0.000121
C -0.197891 7.404279 -0.000106
C 1.181831 7.403582 -0.000177
O 1.661219 6.093230 -0.000273
C -1.841381 5.593260 -0.000048
H -1.894138 4.651101 0.504399
H -2.178671 5.477035 -1.008876
H -2.463036 6.303223 0.504330
O -0.993593 8.432373 -0.000118
C -0.219692 9.634861 -0.000196
H -0.874950 10.480762 -0.000370
H 0.397413 9.661947 0.873563
H 0.397588 9.661722 -0.873737
C 2.108531 8.315282 -0.000153
C 3.488031 8.315282 -0.000136
C 3.902831 9.702682 -0.000113
C 2.748731 10.458782 -0.000218
O 1.629231 9.625982 -0.000343
C 4.283892 7.286974 -0.000038
H 5.193066 7.539645 0.504415
H 4.502309 7.004874 -1.008860
H 3.811222 6.470226 0.504347
O 5.132033 10.125982 -0.000092
C 6.022213 9.006840 -0.000157
H 7.033764 9.355662 -0.000304
H 5.849622 8.413729 0.873592
H 5.849394 8.413651 -0.873708
C 2.473833 11.729373 -0.000206
C 3.211471 12.895096 -0.000196
C 2.260870 13.987478 -0.000184
C 1.004828 13.416521 -0.000287
O 1.109960 12.025197 -0.000400
H -0.215864 13.863629 -0.000280
C 4.505983 13.017775 -0.000098
H 4.778614 13.921164 0.504356
H 4.861158 13.051502 -1.008918
H 4.943419 12.181627 0.504288
O 2.560438 15.252538 -0.000172
C 3.982142 15.406350 -0.000242
H 4.228266 16.447664 -0.000397
H 4.391055 14.943366 0.873510
H 4.390997 14.943119 -0.873790
1  2 2.0 5 1.0 6 1.0
2  3 1.0 7 1.0
3  4 2.0 11 1.0
4  5 1.0 16 1.0
5 
6 
7  8 1.0 9 1.0 10 1.0
8 
9 
10 
11  12 1.0
12  13 1.0 14 1.0 15 1.0
13 
14 
15 
16  17 2.0 20 1.0
17  18 1.0 21 1.0
18  19 2.0 25 1.0
19  20 1.0 30 1.0
20 
21  22 1.0 23 1.0 24 1.0
22 
23 
24 
25  26 1.0
26  27 1.0 28 1.0 29 1.0
27 
28 
29 
30  31 2.0 34 1.0
31  32 1.0 35 1.0
32  33 2.0 39 1.0
33  34 1.0 44 1.0
34 
35  36 1.0 37 1.0 38 1.0
36 
37 
38 
39  40 1.0
40  41 1.0 42 1.0 43 1.0
41 
42 
43 
44  45 2.0 48 1.0
45  46 1.0 50 1.0
46  47 2.0 54 1.0
47  48 1.0 49 1.0
48 
49 
50  51 1.0 52 1.0 53 1.0
51 
52 
53 
54  55 1.0
55  56 1.0 57 1.0 58 1.0
56 
57 
58 