C 0.176300 1.846000 0.000000
C 1.555800 1.846000 0.000000
C 1.970600 3.233400 0.000000
C 0.816500 3.989500 -0.000100
O -0.303000 3.156700 -0.000200
H -0.750400 0.934300 0.000000
C 2.351661 0.817692 0.000100
H 3.260833 1.070364 0.504554
H 2.570078 0.535591 -1.008720
H 1.878990 0.000945 0.504486
O 3.199801 3.656700 -0.000000
C 4.089981 2.537558 -0.000073
H 5.101532 2.886380 -0.000238
H 3.917403 1.944452 0.873681
H 3.917149 1.944364 -0.873619
C 0.541602 5.260091 -0.000100
C 1.279239 6.425814 -0.000100
C 0.328639 7.518196 -0.000100
C -0.927404 6.947239 -0.000200
O -0.822271 5.555915 -0.000300
C 2.573751 6.548493 0.000000
H 2.846382 7.451882 0.504454
H 2.928927 6.582220 -1.008820
H 3.011187 5.712345 0.504386
O 0.628207 8.783257 -0.000100
C 2.049910 8.937068 -0.000173
H 2.296034 9.978382 -0.000338
H 2.458825 8.474092 0.873581
H 2.458764 8.473830 -0.873719
C -2.148087 7.394343 -0.000200
C -3.404215 6.824114 -0.000221
C -4.355414 7.915974 -0.000206
C -3.617069 9.081512 -0.000277
O -2.253443 8.785948 -0.000373
C -3.703839 5.558793 -0.000148
H -2.935894 5.010427 0.504299
H -3.785979 5.211625 -1.008976
H -4.636189 5.413101 0.504230
O -5.649661 7.793315 -0.000218
C -6.251988 9.090273 -0.000296
H -7.317178 8.988873 -0.000470
H -5.944902 9.626231 0.873463
H -5.944619 9.626258 -0.873837
C -3.891967 10.352103 -0.000253
C -3.154330 11.517827 -0.000236
C -4.104930 12.610208 -0.000213
C -5.360973 12.039252 -0.000318
O -5.255841 10.647928 -0.000443
H -6.581665 12.486359 -0.000306
C -1.859818 11.640506 -0.000138
H -1.587187 12.543894 0.504315
H -1.504644 11.674232 -1.008960
H -1.422382 10.804357 0.504247
O -3.805363 13.875269 -0.000192
C -2.383659 14.029080 -0.000257
H -2.137535 15.070395 -0.000404
H -1.974747 13.566090 0.873492
H -1.974802 13.565856 -0.873808
1  2 2.0 5 1.0 6 1.0
2  3 1.0 7 1.0
3  4 2.0 11 1.0
4  5 1.0 16 1.0
5 
6 
7  8 1.0 9 1.0 10 1.0
8 
9 
10 
11  12 1.0
12  13 1.0 14 1.0 15 1.0
13 
14 
15 
16  17 2.0 20 1.0
17  18 1.0 21 1.0
18  19 2.0 25 1.0
19  20 1.0 30 1.0
20 
21  22 1.0 23 1.0 24 1.0
22 
23 
24 
25  26 1.0
26  27 1.0 28 1.0 29 1.0
27 
28 
29 
30  31 2.0 34 1.0
31  32 1.0 35 1.0
32  33 2.0 39 1.0
33  34 1.0 44 1.0
34 
35  36 1.0 37 1.0 38 1.0
36 
37 
38 
39  40 1.0
40  41 1.0 42 1.0 43 1.0
41 
42 
43 
44  45 2.0 48 1.0
45  46 1.0 50 1.0
46  47 2.0 54 1.0
47  48 1.0 49 1.0
48 
49 
50  51 1.0 52 1.0 53 1.0
51 
52 
53 
54  55 1.0
55  56 1.0 57 1.0 58 1.0
56 
57 
58 