C 0.176300 1.846000 0.000000
C 1.555800 1.846000 0.000000
C 1.970600 3.233400 0.000000
C 0.816500 3.989500 -0.000100
O -0.303000 3.156700 -0.000200
H -0.750400 0.934300 0.000000
H 0.541600 5.260100 -0.000100
C 2.351661 0.817692 0.000100
H 3.260833 1.070364 0.504554
H 2.570078 0.535591 -1.008720
H 1.878990 0.000945 0.504486
O 3.199801 3.656700 -0.000000
C 4.089981 2.537558 -0.000073
H 5.101532 2.886380 -0.000238
H 3.917403 1.944452 0.873681
H 3.917149 1.944364 -0.873619
1  2 2.0 5 1.0 6 1.0
2  3 1.0 8 1.0
3  4 2.0 12 1.0
4  5 1.0 7 1.0
5 
6 
7 
8  9 1.0 10 1.0 11 1.0
9 
10 
11 
12  13 1.0
13  14 1.0 15 1.0 16 1.0
14 
15 
16 