C 0.176300 1.846000 0.000000
C 1.555800 1.846000 0.000000
C 1.970600 3.233400 0.000000
C 0.816500 3.989500 -0.000100
O -0.303000 3.156700 -0.000200
H -0.750400 0.934300 0.000000
O 2.351498 0.817903 0.000100
C 1.577593 -0.384583 0.000063
H 2.232848 -1.230486 -0.000019
H 0.960441 -0.411607 0.873791
H 0.960359 -0.411501 -0.873509
H 3.199758 3.656686 0.000000
C 0.541602 5.260091 -0.000100
C -0.611930 6.016651 -0.000121
C -0.197891 7.404279 -0.000106
C 1.181831 7.403582 -0.000177
O 1.661219 6.093230 -0.000273
O -1.841130 5.593346 -0.000048
C -2.731314 6.712485 -0.000095
H -3.742864 6.363659 -0.000200
H -2.558692 7.305608 0.873640
H -2.558530 7.305664 -0.873660
H -0.993565 8.432337 -0.000118
C 2.108531 8.315282 -0.000153
C 3.488031 8.315282 -0.000136
C 3.902831 9.702682 -0.000113
C 2.748731 10.458782 -0.000218
O 1.629231 9.625982 -0.000343
O 4.283729 7.287185 -0.000038
C 3.509824 6.084699 -0.000076
H 4.165079 5.238796 -0.000161
H 2.892674 6.057674 0.873652
H 2.892589 6.057783 -0.873648
H 5.131989 10.125967 -0.000092
C 2.473833 11.729373 -0.000206
C 3.211471 12.895096 -0.000196
C 2.260870 13.987478 -0.000184
C 1.004828 13.416521 -0.000287
O 1.109960 12.025197 -0.000400
H -0.215864 13.863629 -0.000280
O 4.505718 13.017750 -0.000098
C 5.108040 11.720789 -0.000135
H 6.173231 11.822186 -0.000218
H 4.800879 11.184826 0.873593
H 4.800743 11.184813 -0.873707
H 2.560427 15.252494 -0.000172
1  2 2.0 5 1.0 6 1.0
2  3 1.0 7 1.0
3  4 2.0 12 1.0
4  5 1.0 13 1.0
5 
6 
7  8 1.0
8  9 1.0 10 1.0 11 1.0
9 
10 
11 
12 
13  14 2.0 17 1.0
14  15 1.0 18 1.0
15  16 2.0 23 1.0
16  17 1.0 24 1.0
17 
18  19 1.0
19  20 1.0 21 1.0 22 1.0
20 
21 
22 
23 
24  25 2.0 28 1.0
25  26 1.0 29 1.0
26  27 2.0 34 1.0
27  28 1.0 35 1.0
28 
29  30 1.0
30  31 1.0 32 1.0 33 1.0
31 
32 
33 
34 
35  36 2.0 39 1.0
36  37 1.0 41 1.0
37  38 2.0 46 1.0
38  39 1.0 40 1.0
39 
40 
41  42 1.0
42  43 1.0 44 1.0 45 1.0
43 
44 
45 
46 