C 0.176300 1.846000 0.000000
C 1.555800 1.846000 0.000000
C 1.970600 3.233400 0.000000
C 0.816500 3.989500 -0.000100
O -0.303000 3.156700 -0.000200
H -0.750400 0.934300 0.000000
O 2.351498 0.817903 0.000100
C 1.577593 -0.384583 0.000063
H 2.232848 -1.230486 -0.000019
H 0.960441 -0.411607 0.873791
H 0.960359 -0.411501 -0.873509
C 3.199758 3.656686 0.000000
C 4.335500 4.047801 0.000000
H 5.347192 4.396198 0.000000
C 0.541602 5.260091 -0.000100
C 1.279239 6.425814 -0.000100
C 0.328639 7.518196 -0.000100
C -0.927404 6.947239 -0.000200
O -0.822271 5.555915 -0.000300
O 2.573486 6.548468 -0.000000
C 3.175809 5.251507 -0.000037
H 4.241000 5.352904 -0.000119
H 2.868646 4.715543 0.873691
H 2.868512 4.715531 -0.873609
C 0.628196 8.783212 -0.000100
C 0.904987 9.952087 -0.000100
H 1.151545 10.993292 -0.000100
C -2.148087 7.394343 -0.000200
C -2.738738 8.641000 -0.000200
C -4.170135 8.421822 -0.000200
C -4.359281 7.055126 -0.000300
O -3.127350 6.400006 -0.000400
O -2.150333 9.800266 -0.000100
C -0.732288 9.615747 -0.000137
H -0.248399 10.570087 -0.000219
H -0.443624 9.069597 0.873591
H -0.443685 9.069477 -0.873709
C -5.078939 9.351379 -0.000200
C -5.918674 10.210289 -0.000200
H -6.666689 10.975386 -0.000200
C -5.389815 6.262680 -0.000300
C -5.579620 4.896300 -0.000321
C -7.010897 4.676337 -0.000306
C -7.601014 5.923493 -0.000377
O -6.622102 6.917761 -0.000473
H -8.821706 6.370600 -0.000353
O -4.670781 3.966714 -0.000248
C -5.301004 2.683079 -0.000295
H -4.552662 1.918295 -0.000400
H -5.910921 2.585124 0.873440
H -5.911041 2.585247 -0.873860
C -7.599277 3.517109 -0.000318
C -8.142939 2.445983 -0.000329
H -8.627221 1.491849 -0.000339
1  2 2.0 5 1.0 6 1.0
2  3 1.0 7 1.0
3  4 2.0 12 1.0
4  5 1.0 15 1.0
5 
6 
7  8 1.0
8  9 1.0 10 1.0 11 1.0
9 
10 
11 
12  13 3.0
13  14 1.0
14 
15  16 2.0 19 1.0
16  17 1.0 20 1.0
17  18 2.0 25 1.0
18  19 1.0 28 1.0
19 
20  21 1.0
21  22 1.0 23 1.0 24 1.0
22 
23 
24 
25  26 3.0
26  27 1.0
27 
28  29 2.0 32 1.0
29  30 1.0 33 1.0
30  31 2.0 38 1.0
31  32 1.0 41 1.0
32 
33  34 1.0
34  35 1.0 36 1.0 37 1.0
35 
36 
37 
38  39 3.0
39  40 1.0
40 
41  42 2.0 45 1.0
42  43 1.0 47 1.0
43  44 2.0 52 1.0
44  45 1.0 46 1.0
45 
46 
47  48 1.0
48  49 1.0 50 1.0 51 1.0
49 
50 
51 
52  53 3.0
53  54 1.0
54 