C 0.176300 1.846000 0.000000
C 1.555800 1.846000 0.000000
C 1.970600 3.233400 0.000000
C 0.816500 3.989500 -0.000100
O -0.303000 3.156700 -0.000200
H -0.750400 0.934300 0.000000
O 2.351498 0.817903 0.000100
C 1.577593 -0.384583 0.000063
H 2.232848 -1.230486 -0.000019
H 0.960441 -0.411607 0.873791
H 0.960359 -0.411501 -0.873509
O 3.199801 3.656700 0.000000
H 3.208092 4.616665 0.000000
C 0.541602 5.260091 -0.000100
C 1.279239 6.425814 -0.000100
C 0.328639 7.518196 -0.000100
C -0.927404 6.947239 -0.000200
O -0.822271 5.555915 -0.000300
O 2.573486 6.548468 -0.000000
C 3.175809 5.251507 -0.000037
H 4.241000 5.352904 -0.000119
H 2.868646 4.715543 0.873691
H 2.868512 4.715531 -0.873609
O 0.628207 8.783256 -0.000100
H -0.178562 9.303568 -0.000100
C -2.148087 7.394343 -0.000200
C -2.738738 8.641000 -0.000200
C -4.170135 8.421822 -0.000200
C -4.359281 7.055126 -0.000300
O -3.127350 6.400006 -0.000400
O -2.150333 9.800266 -0.000100
C -0.732288 9.615747 -0.000137
H -0.248399 10.570087 -0.000219
H -0.443624 9.069597 0.873591
H -0.443685 9.069477 -0.873709
O -5.078971 9.351411 -0.000200
H -5.950042 8.947882 -0.000200
C -5.389815 6.262680 -0.000300
C -6.759110 6.430164 -0.000300
C -7.339285 5.103388 -0.000300
C -6.285520 4.212763 -0.000400
O -5.073192 4.903485 -0.000500
H -6.166916 2.918187 -0.000400
O -7.424101 7.547262 -0.000200
C -6.509928 8.646892 -0.000237
H -7.057635 9.566092 -0.000319
H -5.894061 8.598788 0.873491
H -5.893992 8.598673 -0.873809
O -8.610786 4.832456 -0.000300
H -8.735564 3.880599 -0.000300
1  2 2.0 5 1.0 6 1.0
2  3 1.0 7 1.0
3  4 2.0 12 1.0
4  5 1.0 14 1.0
5 
6 
7  8 1.0
8  9 1.0 10 1.0 11 1.0
9 
10 
11 
12  13 1.0
13 
14  15 2.0 18 1.0
15  16 1.0 19 1.0
16  17 2.0 24 1.0
17  18 1.0 26 1.0
18 
19  20 1.0
20  21 1.0 22 1.0 23 1.0
21 
22 
23 
24  25 1.0
25 
26  27 2.0 30 1.0
27  28 1.0 31 1.0
28  29 2.0 36 1.0
29  30 1.0 38 1.0
30 
31  32 1.0
32  33 1.0 34 1.0 35 1.0
33 
34 
35 
36  37 1.0
37 
38  39 2.0 42 1.0
39  40 1.0 44 1.0
40  41 2.0 49 1.0
41  42 1.0 43 1.0
42 
43 
44  45 1.0
45  46 1.0 47 1.0 48 1.0
46 
47 
48 
49  50 1.0
50 