C 0.176300 1.846000 0.000000
C 1.555800 1.846000 0.000000
C 1.970600 3.233400 0.000000
C 0.816500 3.989500 -0.000100
O -0.303000 3.156700 -0.000200
H -0.750400 0.934300 0.000000
O 2.351498 0.817903 0.000100
C 1.577593 -0.384583 0.000063
H 2.232848 -1.230486 -0.000019
H 0.960441 -0.411607 0.873791
H 0.960359 -0.411501 -0.873509
O 3.199801 3.656700 0.000000
H 3.208092 4.616665 0.000000
C 0.541602 5.260091 -0.000100
C 1.279239 6.425814 -0.000100
C 0.328639 7.518196 -0.000100
C -0.927404 6.947239 -0.000200
O -0.822271 5.555915 -0.000300
O 2.573486 6.548468 -0.000000
C 3.175809 5.251507 -0.000037
H 4.241000 5.352904 -0.000119
H 2.868646 4.715543 0.873691
H 2.868512 4.715531 -0.873609
O 0.628207 8.783256 -0.000100
H -0.178562 9.303568 -0.000100
C -2.148087 7.394343 -0.000200
C -3.404215 6.824114 -0.000221
C -4.355414 7.915974 -0.000206
C -3.617069 9.081512 -0.000277
O -2.253443 8.785948 -0.000373
O -3.703778 5.559052 -0.000148
C -5.125481 5.405235 -0.000195
H -5.371601 4.363920 -0.000300
H -5.534387 5.868257 0.873540
H -5.534347 5.868424 -0.873760
O -5.649661 7.793315 -0.000218
H -5.883257 6.862169 -0.000221
C -3.891967 10.352103 -0.000253
C -3.154330 11.517827 -0.000236
C -4.104930 12.610208 -0.000213
C -5.360973 12.039252 -0.000318
O -5.255841 10.647928 -0.000443
H -6.581665 12.486359 -0.000306
O -1.860083 11.640481 -0.000138
C -1.257760 10.343520 -0.000176
H -0.192570 10.444916 -0.000261
H -1.564921 9.807556 0.873552
H -1.565059 9.807543 -0.873748
O -3.805363 13.875269 -0.000192
H -4.612132 14.395580 -0.000186
1  2 2.0 5 1.0 6 1.0
2  3 1.0 7 1.0
3  4 2.0 12 1.0
4  5 1.0 14 1.0
5 
6 
7  8 1.0
8  9 1.0 10 1.0 11 1.0
9 
10 
11 
12  13 1.0
13 
14  15 2.0 18 1.0
15  16 1.0 19 1.0
16  17 2.0 24 1.0
17  18 1.0 26 1.0
18 
19  20 1.0
20  21 1.0 22 1.0 23 1.0
21 
22 
23 
24  25 1.0
25 
26  27 2.0 30 1.0
27  28 1.0 31 1.0
28  29 2.0 36 1.0
29  30 1.0 38 1.0
30 
31  32 1.0
32  33 1.0 34 1.0 35 1.0
33 
34 
35 
36  37 1.0
37 
38  39 2.0 42 1.0
39  40 1.0 44 1.0
40  41 2.0 49 1.0
41  42 1.0 43 1.0
42 
43 
44  45 1.0
45  46 1.0 47 1.0 48 1.0
46 
47 
48 
49  50 1.0
50 