C 0.176300 1.846000 0.000000
C 1.555800 1.846000 0.000000
C 1.970600 3.233400 0.000000
C 0.816500 3.989500 -0.000100
O -0.303000 3.156700 -0.000200
H -0.750400 0.934300 0.000000
O 2.351498 0.817903 0.000100
C 1.577593 -0.384583 0.000063
H 2.232848 -1.230486 -0.000019
H 0.960441 -0.411607 0.873791
H 0.960359 -0.411501 -0.873509
C 3.200053 3.656787 0.000000
H 3.252840 4.598954 0.504427
H 3.537290 3.772992 -1.008848
H 3.821731 2.946831 0.504359
C 0.541602 5.260091 -0.000100
C -0.611930 6.016651 -0.000121
C -0.197891 7.404279 -0.000106
C 1.181831 7.403582 -0.000177
O 1.661219 6.093230 -0.000273
O -1.841130 5.593346 -0.000048
C -2.731314 6.712485 -0.000095
H -3.742864 6.363659 -0.000200
H -2.558692 7.305608 0.873640
H -2.558530 7.305664 -0.873660
C -0.993756 8.432583 -0.000118
H -1.902954 8.179942 0.504306
H -1.212121 8.714615 -1.008969
H -0.521114 9.249367 0.504238
C 2.108531 8.315282 -0.000153
C 3.488031 8.315282 -0.000136
C 3.902831 9.702682 -0.000113
C 2.748731 10.458782 -0.000218
O 1.629231 9.625982 -0.000343
O 4.283729 7.287185 -0.000038
C 3.509824 6.084699 -0.000076
H 4.165079 5.238796 -0.000161
H 2.892674 6.057674 0.873652
H 2.892589 6.057783 -0.873648
C 5.132285 10.126069 -0.000092
H 5.185064 11.068234 0.504341
H 5.469537 10.242279 -1.008934
H 5.753955 9.416110 0.504273
C 2.473833 11.729373 -0.000206
C 1.320301 12.485933 -0.000217
C 1.734341 13.873561 -0.000190
C 3.114063 13.872864 -0.000264
O 3.593451 12.562511 -0.000373
H 4.040770 14.784571 -0.000233
O 0.091102 12.062628 -0.000146
C -0.799083 13.181767 -0.000193
H -1.810632 12.832941 -0.000299
H -0.626462 13.774890 0.873542
H -0.626298 13.774946 -0.873758
C 0.938476 14.901865 -0.000190
H 0.029280 14.649221 0.504237
H 0.720105 15.183904 -1.009038
H 1.411120 15.718646 0.504168
1  2 2.0 5 1.0 6 1.0
2  3 1.0 7 1.0
3  4 2.0 12 1.0
4  5 1.0 16 1.0
5 
6 
7  8 1.0
8  9 1.0 10 1.0 11 1.0
9 
10 
11 
12  13 1.0 14 1.0 15 1.0
13 
14 
15 
16  17 2.0 20 1.0
17  18 1.0 21 1.0
18  19 2.0 26 1.0
19  20 1.0 30 1.0
20 
21  22 1.0
22  23 1.0 24 1.0 25 1.0
23 
24 
25 
26  27 1.0 28 1.0 29 1.0
27 
28 
29 
30  31 2.0 34 1.0
31  32 1.0 35 1.0
32  33 2.0 40 1.0
33  34 1.0 44 1.0
34 
35  36 1.0
36  37 1.0 38 1.0 39 1.0
37 
38 
39 
40  41 1.0 42 1.0 43 1.0
41 
42 
43 
44  45 2.0 48 1.0
45  46 1.0 50 1.0
46  47 2.0 55 1.0
47  48 1.0 49 1.0
48 
49 
50  51 1.0
51  52 1.0 53 1.0 54 1.0
52 
53 
54 
55  56 1.0 57 1.0 58 1.0
56 
57 
58 