C 0.176300 1.846000 0.000000
C 1.555800 1.846000 0.000000
C 1.970600 3.233400 0.000000
C 0.816500 3.989500 -0.000100
O -0.303000 3.156700 -0.000200
H -0.750400 0.934300 0.000000
O 2.351498 0.817903 0.000100
C 1.577593 -0.384583 0.000063
H 2.232848 -1.230486 -0.000019
H 0.960441 -0.411607 0.873791
H 0.960359 -0.411501 -0.873509
C 3.200053 3.656787 0.000000
H 3.252840 4.598954 0.504427
H 3.537290 3.772992 -1.008848
H 3.821731 2.946831 0.504359
C 0.541602 5.260091 -0.000100
C -0.611930 6.016651 -0.000121
C -0.197891 7.404279 -0.000106
C 1.181831 7.403582 -0.000177
O 1.661219 6.093230 -0.000273
O -1.841130 5.593346 -0.000048
C -2.731314 6.712485 -0.000095
H -3.742864 6.363659 -0.000200
H -2.558692 7.305608 0.873640
H -2.558530 7.305664 -0.873660
C -0.993756 8.432583 -0.000118
H -1.902954 8.179942 0.504306
H -1.212121 8.714615 -1.008969
H -0.521114 9.249367 0.504238
C 2.108531 8.315282 -0.000153
C 2.131041 9.694598 -0.000156
C 3.525025 10.086704 -0.000119
C 4.262193 8.920420 -0.000195
O 3.411236 7.814658 -0.000316
O 1.116065 10.506966 -0.000087
C 1.585781 11.857620 -0.000135
H 0.750122 12.525892 -0.000242
H 2.179291 12.028901 0.873601
H 2.179428 12.028792 -0.873699
C 3.968417 11.309085 -0.000109
H 3.268764 11.942290 0.504320
H 4.089987 11.644433 -1.008955
H 4.911352 11.346425 0.504252
C 5.528128 8.624826 -0.000159
C 6.705733 9.343343 -0.000152
C 7.782458 8.375045 -0.000102
C 7.191082 7.128486 -0.000182
O 5.801659 7.256307 -0.000316
H 7.618211 5.900661 -0.000139
O 6.849490 10.635417 -0.000084
C 8.242001 10.960704 -0.000133
H 8.359875 12.024197 -0.000241
H 8.704097 10.550755 0.873603
H 8.704078 10.550579 -0.873697
C 9.052498 8.653987 -0.000082
H 9.213459 9.583800 0.504351
H 9.400892 8.730574 -1.008924
H 9.588247 7.877141 0.504283
1  2 2.0 5 1.0 6 1.0
2  3 1.0 7 1.0
3  4 2.0 12 1.0
4  5 1.0 16 1.0
5 
6 
7  8 1.0
8  9 1.0 10 1.0 11 1.0
9 
10 
11 
12  13 1.0 14 1.0 15 1.0
13 
14 
15 
16  17 2.0 20 1.0
17  18 1.0 21 1.0
18  19 2.0 26 1.0
19  20 1.0 30 1.0
20 
21  22 1.0
22  23 1.0 24 1.0 25 1.0
23 
24 
25 
26  27 1.0 28 1.0 29 1.0
27 
28 
29 
30  31 2.0 34 1.0
31  32 1.0 35 1.0
32  33 2.0 40 1.0
33  34 1.0 44 1.0
34 
35  36 1.0
36  37 1.0 38 1.0 39 1.0
37 
38 
39 
40  41 1.0 42 1.0 43 1.0
41 
42 
43 
44  45 2.0 48 1.0
45  46 1.0 50 1.0
46  47 2.0 55 1.0
47  48 1.0 49 1.0
48 
49 
50  51 1.0
51  52 1.0 53 1.0 54 1.0
52 
53 
54 
55  56 1.0 57 1.0 58 1.0
56 
57 
58 