C 0.176300 1.846000 0.000000
C 1.555800 1.846000 0.000000
C 1.970600 3.233400 0.000000
C 0.816500 3.989500 -0.000100
O -0.303000 3.156700 -0.000200
H -0.750400 0.934300 0.000000
O 2.351498 0.817903 0.000100
C 1.577593 -0.384583 0.000063
H 2.232848 -1.230486 -0.000019
H 0.960441 -0.411607 0.873791
H 0.960359 -0.411501 -0.873509
O 3.199801 3.656700 -0.000000
C 4.089981 2.537558 -0.000073
H 5.101532 2.886380 -0.000238
H 3.917403 1.944452 0.873681
H 3.917149 1.944364 -0.873619
C 0.541602 5.260091 -0.000100
C -0.611930 6.016651 -0.000121
C -0.197891 7.404279 -0.000106
C 1.181831 7.403582 -0.000177
O 1.661219 6.093230 -0.000273
O -1.841130 5.593346 -0.000048
C -2.731314 6.712485 -0.000095
H -3.742864 6.363659 -0.000200
H -2.558692 7.305608 0.873640
H -2.558530 7.305664 -0.873660
O -0.993593 8.432373 -0.000118
C -0.219692 9.634861 -0.000196
H -0.874950 10.480762 -0.000370
H 0.397413 9.661947 0.873563
H 0.397588 9.661722 -0.873737
C 2.108531 8.315282 -0.000153
C 2.131041 9.694598 -0.000156
C 3.525025 10.086704 -0.000119
C 4.262193 8.920420 -0.000195
O 3.411236 7.814658 -0.000316
O 1.116065 10.506966 -0.000087
C 1.585781 11.857620 -0.000135
H 0.750122 12.525892 -0.000242
H 2.179291 12.028901 0.873601
H 2.179428 12.028792 -0.873699
O 3.968327 11.308835 -0.000109
C 5.398285 11.297849 -0.000179
H 5.762724 12.303879 -0.000336
H 5.751143 10.790845 0.873573
H 5.751055 10.790604 -0.873727
C 5.528128 8.624826 -0.000159
C 6.265766 7.459102 -0.000132
C 7.659964 7.850444 -0.000097
C 7.681781 9.229994 -0.000205
O 6.379426 9.730700 -0.000343
H 8.608488 10.141701 -0.000185
O 5.822460 6.236974 -0.000036
C 4.392502 6.247964 -0.000074
H 4.028059 5.241936 -0.000160
H 4.039665 6.755025 0.873654
H 4.039713 6.755157 -0.873646
O 8.674938 7.038072 -0.000064
C 8.205216 5.687420 -0.000126
H 9.040873 5.019145 -0.000263
H 7.611725 5.516126 0.873620
H 7.611549 5.516266 -0.873680
1  2 2.0 5 1.0 6 1.0
2  3 1.0 7 1.0
3  4 2.0 12 1.0
4  5 1.0 17 1.0
5 
6 
7  8 1.0
8  9 1.0 10 1.0 11 1.0
9 
10 
11 
12  13 1.0
13  14 1.0 15 1.0 16 1.0
14 
15 
16 
17  18 2.0 21 1.0
18  19 1.0 22 1.0
19  20 2.0 27 1.0
20  21 1.0 32 1.0
21 
22  23 1.0
23  24 1.0 25 1.0 26 1.0
24 
25 
26 
27  28 1.0
28  29 1.0 30 1.0 31 1.0
29 
30 
31 
32  33 2.0 36 1.0
33  34 1.0 37 1.0
34  35 2.0 42 1.0
35  36 1.0 47 1.0
36 
37  38 1.0
38  39 1.0 40 1.0 41 1.0
39 
40 
41 
42  43 1.0
43  44 1.0 45 1.0 46 1.0
44 
45 
46 
47  48 2.0 51 1.0
48  49 1.0 53 1.0
49  50 2.0 58 1.0
50  51 1.0 52 1.0
51 
52 
53  54 1.0
54  55 1.0 56 1.0 57 1.0
55 
56 
57 
58  59 1.0
59  60 1.0 61 1.0 62 1.0
60 
61 
62 