C 0.000000 0.000000 0.000000
H 1.086700 0.000000 0.000000
C -0.677100 1.171700 0.000000
H -1.763600 1.145700 0.001500
H -0.515200 -1.193600 0.000000
C -0.159562 2.364288 -0.000600
H -0.903380 3.156533 -0.000900
C 1.158109 2.672655 -0.000862
H 1.882835 1.862760 0.000948
C 1.673308 3.866254 -0.002063
H 2.760008 3.866254 -0.002460
C 0.996208 5.037954 -0.002808
H -0.090291 5.011955 -0.000889
C 1.513746 6.230541 -0.004609
H 0.769928 7.022785 -0.005306
C 2.831416 6.538907 -0.005616
H 3.556143 5.729014 -0.003387
H 3.346577 7.732417 -0.008017
1  2 1.0 3 2.0 5 1.0
2 
3  4 1.0 6 1.0
4 
5 
6  7 1.0 8 2.0
7 
8  9 1.0 10 1.0
9 
10  11 1.0 12 2.0
11 
12  13 1.0 14 1.0
13 
14  15 1.0 16 2.0
15 
16  17 1.0 18 1.0
17 
18 