C 0.000000 0.000000 0.000000
H 1.086700 0.000000 0.000000
C -0.677100 1.171700 0.000000
H -1.763600 1.145700 0.001500
H -0.515200 -1.193600 0.000000
C -0.159562 2.364288 -0.000600
H -0.903380 3.156533 -0.000900
C 1.158109 2.672655 -0.000862
H 1.882835 1.862760 0.000948
C 1.673308 3.866254 -0.002063
H 0.927939 4.657040 -0.002562
C 2.990372 4.177202 -0.002698
H 3.716684 3.368730 -0.000678
C 3.503231 5.371808 -0.004498
H 2.756314 6.161131 -0.005196
C 4.819683 5.685337 -0.005506
H 5.547578 4.878290 -0.003276
H 5.330162 6.880857 -0.007907
1  2 1.0 3 2.0 5 1.0
2 
3  4 1.0 6 1.0
4 
5 
6  7 1.0 8 2.0
7 
8  9 1.0 10 1.0
9 
10  11 1.0 12 2.0
11 
12  13 1.0 14 1.0
13 
14  15 1.0 16 2.0
15 
16  17 1.0 18 1.0
17 
18 