C 0.000000 0.000000 0.000000
H 1.086700 0.000000 0.000000
C -0.677100 1.171700 0.000000
H -1.763600 1.145700 0.001500
H -0.515200 -1.193600 0.000000
C -0.159562 2.364288 -0.000600
H 0.927136 2.362158 -0.000799
C -0.834364 3.537313 -0.000973
H -1.920913 3.513443 0.000737
C -0.314490 4.728884 -0.002173
H -1.056754 5.522584 -0.002672
C 1.003782 5.034667 -0.002808
H 1.726920 4.223354 -0.000788
C 1.521320 6.227254 -0.004608
H 2.608017 6.225124 -0.005205
C 0.846517 7.400278 -0.005726
H -0.240031 7.376410 -0.003597
H 1.366352 8.591760 -0.008127
1  2 1.0 3 2.0 5 1.0
2 
3  4 1.0 6 1.0
4 
5 
6  7 1.0 8 2.0
7 
8  9 1.0 10 1.0
9 
10  11 1.0 12 2.0
11 
12  13 1.0 14 1.0
13 
14  15 1.0 16 2.0
15 
16  17 1.0 18 1.0
17 
18 