C 0.000000 0.000000 0.000000
H 1.086700 0.000000 0.000000
C -0.677100 1.171700 0.000000
H -1.763600 1.145700 0.001500
H -0.515200 -1.193600 0.000000
C -0.159562 2.364288 -0.000600
H 0.927136 2.362158 -0.000799
C -0.834364 3.537313 -0.000973
H -1.920913 3.513443 0.000737
C -0.314490 4.728884 -0.002173
H 0.772201 4.724624 -0.002570
C -0.986993 5.903228 -0.002918
H -2.073585 5.881488 -0.000999
C -0.464784 7.093777 -0.004718
H 0.621897 7.087388 -0.005315
C -1.134984 8.269437 -0.005836
H -2.221617 8.249828 -0.003707
H -0.610483 9.458872 -0.008236
1  2 1.0 3 2.0 5 1.0
2 
3  4 1.0 6 1.0
4 
5 
6  7 1.0 8 2.0
7 
8  9 1.0 10 1.0
9 
10  11 1.0 12 2.0
11 
12  13 1.0 14 1.0
13 
14  15 1.0 16 2.0
15 
16  17 1.0 18 1.0
17 
18 