C 0.050900 0.030900 0.000200
C 1.459200 0.030900 0.000200
C -0.604500 1.279200 0.000200
C 2.184900 1.220000 -0.000400
H 1.985000 -0.921300 0.000400
C 0.119500 2.466600 -0.000400
C 1.518100 2.445800 -0.000800
H -0.409000 3.416500 -0.000300
H -1.903500 1.328700 0.001600
H -0.570844 -1.110781 0.000500
H 2.189575 3.558958 -0.001200
C 4.221192 2.385109 0.000192
C 5.626381 2.291560 0.001600
C 3.484320 1.183102 -0.000500
C 6.271491 1.056881 0.001690
H 6.214271 3.206730 0.002353
C 4.127846 -0.049768 -0.000411
C 5.524738 -0.121919 0.000587
H 3.537414 -0.962464 -0.000868
H 3.676660 3.565568 -0.000096
H 6.120786 -1.277222 0.000826
C 8.225889 -0.240919 0.004295
C 9.634186 -0.240919 0.007110
C 7.570491 1.007381 0.002890
C 10.359886 0.948181 0.007870
H 10.159985 -1.193119 0.008433
C 8.294491 2.194781 0.003647
C 9.693089 2.173981 0.006044
H 7.765991 3.144681 0.002618
H 7.604146 -1.382600 0.003440
H 10.364563 3.287139 0.006901
C 12.396173 2.113290 0.012467
C 13.801357 2.019742 0.016689
C 11.659304 0.911283 0.010370
C 14.446464 0.785062 0.018139
H 14.389244 2.934911 0.018566
C 12.302828 -0.321587 0.011815
C 13.699716 -0.393737 0.015611
H 11.712399 -1.234283 0.010230
H 15.745540 0.735559 0.021939
H 11.851643 3.293749 0.011023
H 14.295762 -1.549041 0.017106
1  2 1.5 3 1.5 10 1.0
2  4 1.5 5 1.0
3  6 1.5 9 1.0
4  7 1.5 14 1.0
5 
6  7 1.5 8 1.0
7  11 1.0
8 
9 
10 
11 
12  13 1.5 14 1.5 20 1.0
13  15 1.5 16 1.0
14  17 1.5
15  18 1.5 24 1.0
16 
17  18 1.5 19 1.0
18  21 1.0
19 
20 
21 
22  23 1.5 24 1.5 30 1.0
23  25 1.5 26 1.0
24  27 1.5
25  28 1.5 34 1.0
26 
27  28 1.5 29 1.0
28  31 1.0
29 
30 
31 
32  33 1.5 34 1.5 41 1.0
33  35 1.5 36 1.0
34  37 1.5
35  38 1.5 40 1.0
36 
37  38 1.5 39 1.0
38  42 1.0
39 
40 
41 
42 