C 0.050900 0.030900 0.000200
C 1.459200 0.030900 0.000200
C -0.604500 1.279200 0.000200
C 2.184900 1.220000 -0.000400
H 1.985000 -0.921300 0.000400
C 0.119500 2.466600 -0.000400
C 1.518100 2.445800 -0.000800
H -0.409000 3.416500 -0.000300
H -1.903500 1.328700 0.001600
H -0.570844 -1.110781 0.000500
H 2.189575 3.558958 -0.001200
C 4.151797 -0.058782 0.000202
C 5.560030 -0.045122 0.001610
C 3.484320 1.183102 -0.000500
C 6.274162 1.150962 0.001690
H 6.095041 -0.992177 0.002372
C 4.196768 2.377469 -0.000422
C 5.595504 2.370236 0.000577
H 3.659080 3.322198 -0.000886
H 3.541156 -1.206439 -0.000075
H 6.256150 3.489855 0.000805
C 8.299056 2.335767 0.004284
C 9.705084 2.255853 0.007099
C 7.573878 1.126670 0.002890
C 10.362138 1.027489 0.007870
H 10.284068 3.176682 0.008415
C 8.229332 -0.099901 0.003657
C 9.626857 -0.158498 0.006054
H 7.647782 -1.018280 0.002636
H 7.743099 3.510889 0.003418
H 10.234082 -1.307966 0.006921
C 12.398426 2.192598 0.012466
C 13.803609 2.099050 0.016689
C 11.661556 0.990591 0.010369
C 14.448716 0.864370 0.018139
H 14.391496 3.014219 0.018566
C 12.305080 -0.242279 0.011815
C 13.701968 -0.314429 0.015610
H 11.714651 -1.154975 0.010230
H 15.747792 0.814867 0.021939
H 11.853895 3.373057 0.011023
H 14.298014 -1.469733 0.017106
1  2 1.5 3 1.5 10 1.0
2  4 1.5 5 1.0
3  6 1.5 9 1.0
4  7 1.5 14 1.0
5 
6  7 1.5 8 1.0
7  11 1.0
8 
9 
10 
11 
12  13 1.5 14 1.5 20 1.0
13  15 1.5 16 1.0
14  17 1.5
15  18 1.5 24 1.0
16 
17  18 1.5 19 1.0
18  21 1.0
19 
20 
21 
22  23 1.5 24 1.5 30 1.0
23  25 1.5 26 1.0
24  27 1.5
25  28 1.5 34 1.0
26 
27  28 1.5 29 1.0
28  31 1.0
29 
30 
31 
32  33 1.5 34 1.5 41 1.0
33  35 1.5 36 1.0
34  37 1.5
35  38 1.5 40 1.0
36 
37  38 1.5 39 1.0
38  42 1.0
39 
40 
41 
42 