C 0.050900 0.030900 0.000200
C 1.459200 0.030900 0.000200
C -0.604500 1.279200 0.000200
C 2.184900 1.220000 -0.000400
H 1.985000 -0.921300 0.000400
C 0.119500 2.466600 -0.000400
C 1.518100 2.445800 -0.000800
H -0.409000 3.416500 -0.000300
H 3.484400 1.183100 -0.000500
H -1.903500 1.328700 0.001600
H -0.570844 -1.110781 0.000500
C 2.189575 3.558958 -0.001200
C 2.810018 4.587517 -0.001570
H 3.362693 5.503731 -0.001899
1  2 1.5 3 1.5 11 1.0
2  4 1.5 5 1.0
3  6 1.5 10 1.0
4  7 1.5 9 1.0
5 
6  7 1.5 8 1.0
7  12 1.0
8 
9 
10 
11 
12  13 3.0
13  14 1.0
14 