C 0.050900 0.030900 0.000200
C 1.459200 0.030900 0.000200
C -0.604500 1.279200 0.000200
C 2.184900 1.220000 -0.000400
H 1.985000 -0.921300 0.000400
C 0.119500 2.466600 -0.000400
C 1.518100 2.445800 -0.000800
H -0.409000 3.416500 -0.000300
H -1.903500 1.328700 0.001600
H -0.570844 -1.110781 0.000500
C 2.189575 3.558958 -0.001200
C 2.810018 4.587517 -0.001570
H 3.362693 5.503731 -0.001899
C 4.221192 2.385109 0.000192
C 5.626381 2.291560 0.001600
C 3.484320 1.183102 -0.000500
C 6.271491 1.056881 0.001690
H 6.214271 3.206730 0.002353
C 4.127846 -0.049768 -0.000411
C 5.524738 -0.121919 0.000587
H 3.537414 -0.962464 -0.000868
H 3.676660 3.565568 -0.000096
C 6.120786 -1.277222 0.000826
C 6.671535 -2.344723 0.001046
H 7.162129 -3.295626 0.001243
C 8.318987 2.202184 0.004285
C 9.723200 2.095009 0.007100
C 7.570491 1.007381 0.002890
C 10.356302 0.854130 0.007870
H 10.319938 3.004434 0.008415
C 8.202028 -0.231674 0.003657
C 9.598153 -0.317370 0.006055
H 7.602772 -1.138599 0.002637
H 7.785931 3.387869 0.003419
C 10.182966 -1.478401 0.006922
C 10.723334 -2.551193 0.007723
H 11.204680 -3.506811 0.008437
C 12.298017 -0.462565 0.012478
C 13.706245 -0.476225 0.016700
C 11.654760 0.792033 0.010370
C 14.443443 0.705780 0.018140
H 14.222781 -1.433481 0.018585
C 12.390242 1.972354 0.011805
C 13.788569 1.937990 0.015601
H 11.870983 2.927336 0.010212
H 15.742519 0.656277 0.021940
H 11.665230 -1.598162 0.011044
C 14.470808 3.044582 0.017087
C 15.101197 4.067074 0.018460
H 15.662732 4.977885 0.019683
1  2 1.5 3 1.5 10 1.0
2  4 1.5 5 1.0
3  6 1.5 9 1.0
4  7 1.5 16 1.0
5 
6  7 1.5 8 1.0
7  11 1.0
8 
9 
10 
11  12 3.0
12  13 1.0
13 
14  15 1.5 16 1.5 22 1.0
15  17 1.5 18 1.0
16  19 1.5
17  20 1.5 28 1.0
18 
19  20 1.5 21 1.0
20  23 1.0
21 
22 
23  24 3.0
24  25 1.0
25 
26  27 1.5 28 1.5 34 1.0
27  29 1.5 30 1.0
28  31 1.5
29  32 1.5 40 1.0
30 
31  32 1.5 33 1.0
32  35 1.0
33 
34 
35  36 3.0
36  37 1.0
37 
38  39 1.5 40 1.5 47 1.0
39  41 1.5 42 1.0
40  43 1.5
41  44 1.5 46 1.0
42 
43  44 1.5 45 1.0
44  48 1.0
45 
46 
47 
48  49 3.0
49  50 1.0
50 