C 0.050900 0.030900 0.000200
C 1.459200 0.030900 0.000200
C -0.604500 1.279200 0.000200
C 2.184900 1.220000 -0.000400
H 1.985000 -0.921300 0.000400
C 0.119500 2.466600 -0.000400
C 1.518100 2.445800 -0.000800
H -0.409000 3.416500 -0.000300
H -1.903500 1.328700 0.001600
H -0.570844 -1.110781 0.000500
C 2.189736 3.559225 -0.001200
H 1.625976 4.316029 0.503117
H 2.373759 3.864424 -1.010158
H 3.122144 3.413460 0.503049
C 4.221192 2.385109 0.000192
C 5.626381 2.291560 0.001600
C 3.484320 1.183102 -0.000500
C 6.271491 1.056881 0.001690
H 6.214271 3.206730 0.002353
C 4.127846 -0.049768 -0.000411
C 5.524738 -0.121919 0.000587
H 3.537414 -0.962464 -0.000868
H 3.676660 3.565568 -0.000096
C 6.120930 -1.277499 0.000826
H 7.060823 -1.193839 0.505318
H 6.284618 -1.594627 -1.007956
H 5.507961 -1.994943 0.505250
C 8.225889 -0.240919 0.004295
C 9.634186 -0.240919 0.007110
C 7.570491 1.007381 0.002890
C 10.359886 0.948181 0.007870
H 10.159985 -1.193119 0.008433
C 8.294491 2.194781 0.003647
C 9.693089 2.173981 0.006044
H 7.765991 3.144681 0.002618
H 7.604146 -1.382600 0.003440
C 10.364724 3.287406 0.006901
H 9.800712 4.043792 0.511563
H 10.549251 3.593441 -1.001711
H 11.296880 3.141223 0.511495
C 12.326778 -0.330601 0.012477
C 13.735005 -0.316940 0.016699
C 11.659304 0.911283 0.010370
C 14.449136 0.879143 0.018139
H 14.270014 -1.263995 0.018584
C 12.371751 2.105650 0.011805
C 13.770482 2.098417 0.015600
H 11.834064 3.050379 0.010212
H 15.748927 0.854850 0.021939
H 11.716139 -1.478258 0.011044
C 14.431285 3.218305 0.017086
H 13.859837 3.968973 0.521920
H 14.613082 3.526535 -0.991353
H 15.364691 3.080961 0.521852
1  2 1.5 3 1.5 10 1.0
2  4 1.5 5 1.0
3  6 1.5 9 1.0
4  7 1.5 17 1.0
5 
6  7 1.5 8 1.0
7  11 1.0
8 
9 
10 
11  12 1.0 13 1.0 14 1.0
12 
13 
14 
15  16 1.5 17 1.5 23 1.0
16  18 1.5 19 1.0
17  20 1.5
18  21 1.5 30 1.0
19 
20  21 1.5 22 1.0
21  24 1.0
22 
23 
24  25 1.0 26 1.0 27 1.0
25 
26 
27 
28  29 1.5 30 1.5 36 1.0
29  31 1.5 32 1.0
30  33 1.5
31  34 1.5 43 1.0
32 
33  34 1.5 35 1.0
34  37 1.0
35 
36 
37  38 1.0 39 1.0 40 1.0
38 
39 
40 
41  42 1.5 43 1.5 50 1.0
42  44 1.5 45 1.0
43  46 1.5
44  47 1.5 49 1.0
45 
46  47 1.5 48 1.0
47  51 1.0
48 
49 
50 
51  52 1.0 53 1.0 54 1.0
52 
53 
54 