C 0.050900 0.030900 0.000200
C 1.459200 0.030900 0.000200
C -0.604500 1.279200 0.000200
C 2.184900 1.220000 -0.000400
H 1.985000 -0.921300 0.000400
C 0.119500 2.466600 -0.000400
C 1.518100 2.445800 -0.000800
H -0.409000 3.416500 -0.000300
H -1.903500 1.328700 0.001600
H -0.570844 -1.110781 0.000500
O 2.189599 3.558998 -0.001200
C 3.590381 3.271406 -0.001420
H 4.142676 4.187857 -0.001914
H 3.838560 2.705920 0.872444
H 3.838143 2.705230 -0.874856
C 4.151797 -0.058782 0.000202
C 5.560030 -0.045122 0.001610
C 3.484320 1.183102 -0.000500
C 6.274162 1.150962 0.001690
H 6.095041 -0.992177 0.002372
C 4.196768 2.377469 -0.000422
C 5.595504 2.370236 0.000577
H 3.659080 3.322198 -0.000886
H 3.541156 -1.206439 -0.000075
O 6.256174 3.489895 0.000805
C 7.659679 3.215904 0.000816
H 8.203059 4.137669 0.000840
H 7.913117 2.652488 0.874508
H 7.913136 2.652521 -0.872792
C 8.299056 2.335767 0.004284
C 9.705084 2.255853 0.007099
C 7.573878 1.126670 0.002890
C 10.362138 1.027489 0.007870
H 10.284068 3.176682 0.008415
C 8.229332 -0.099901 0.003657
C 9.626857 -0.158498 0.006054
H 7.647782 -1.018280 0.002636
H 7.743099 3.510889 0.003418
O 10.234104 -1.308006 0.006921
C 9.265125 -2.359662 0.007166
H 9.765317 -3.305558 0.007715
H 8.652265 -2.279806 0.880683
H 8.652684 -2.280599 -0.866617
C 12.329030 -0.251293 0.012477
C 13.737257 -0.237632 0.016699
C 11.661556 0.990591 0.010369
C 14.451388 0.958451 0.018139
H 14.272266 -1.184687 0.018584
C 12.374003 2.184958 0.011804
C 13.772734 2.177725 0.015600
H 11.836316 3.129687 0.010211
H 15.751179 0.934158 0.021939
H 11.718391 -1.398950 0.011043
O 14.433401 3.297384 0.017085
C 15.836908 3.023394 0.017558
H 16.380286 3.945160 0.018616
H 16.089916 2.459251 0.890905
H 16.090795 2.460740 -0.856395
1  2 1.5 3 1.5 10 1.0
2  4 1.5 5 1.0
3  6 1.5 9 1.0
4  7 1.5 18 1.0
5 
6  7 1.5 8 1.0
7  11 1.0
8 
9 
10 
11  12 1.0
12  13 1.0 14 1.0 15 1.0
13 
14 
15 
16  17 1.5 18 1.5 24 1.0
17  19 1.5 20 1.0
18  21 1.5
19  22 1.5 32 1.0
20 
21  22 1.5 23 1.0
22  25 1.0
23 
24 
25  26 1.0
26  27 1.0 28 1.0 29 1.0
27 
28 
29 
30  31 1.5 32 1.5 38 1.0
31  33 1.5 34 1.0
32  35 1.5
33  36 1.5 46 1.0
34 
35  36 1.5 37 1.0
36  39 1.0
37 
38 
39  40 1.0
40  41 1.0 42 1.0 43 1.0
41 
42 
43 
44  45 1.5 46 1.5 53 1.0
45  47 1.5 48 1.0
46  49 1.5
47  50 1.5 52 1.0
48 
49  50 1.5 51 1.0
50  54 1.0
51 
52 
53 
54  55 1.0
55  56 1.0 57 1.0 58 1.0
56 
57 
58 