C 0.050900 0.030900 0.000200
C 1.459200 0.030900 0.000200
C -0.604500 1.279200 0.000200
C 2.184900 1.220000 -0.000400
H 1.985000 -0.921300 0.000400
C 0.119500 2.466600 -0.000400
C 1.518100 2.445800 -0.000800
H -0.409000 3.416500 -0.000300
H -1.903500 1.328700 0.001600
H -0.570844 -1.110781 0.000500
O 2.189599 3.558998 -0.001200
C 3.590381 3.271406 -0.001420
H 4.142676 4.187857 -0.001914
H 3.838560 2.705920 0.872444
H 3.838143 2.705230 -0.874856
C 4.151797 -0.058782 0.000202
C 5.560030 -0.045122 0.001610
C 3.484320 1.183102 -0.000500
C 6.274162 1.150962 0.001690
H 6.095041 -0.992177 0.002372
C 4.196768 2.377469 -0.000422
C 5.595504 2.370236 0.000577
H 3.659080 3.322198 -0.000886
H 7.573958 1.126668 0.002890
H 3.541156 -1.206439 -0.000075
O 6.256174 3.489895 0.000805
C 7.659679 3.215904 0.000816
H 8.203059 4.137669 0.000840
H 7.913117 2.652488 0.874508
H 7.913136 2.652521 -0.872792
1  2 1.5 3 1.5 10 1.0
2  4 1.5 5 1.0
3  6 1.5 9 1.0
4  7 1.5 18 1.0
5 
6  7 1.5 8 1.0
7  11 1.0
8 
9 
10 
11  12 1.0
12  13 1.0 14 1.0 15 1.0
13 
14 
15 
16  17 1.5 18 1.5 25 1.0
17  19 1.5 20 1.0
18  21 1.5
19  22 1.5 24 1.0
20 
21  22 1.5 23 1.0
22  26 1.0
23 
24 
25 
26  27 1.0
27  28 1.0 29 1.0 30 1.0
28 
29 
30 