C 0.050900 0.030900 0.000200
C 1.459200 0.030900 0.000200
C -0.604500 1.279200 0.000200
C 2.184900 1.220000 -0.000400
H 1.985000 -0.921300 0.000400
C 0.119500 2.466600 -0.000400
C 1.518100 2.445800 -0.000800
H -0.409000 3.416500 -0.000300
H -1.903500 1.328700 0.001600
C -0.570844 -1.110781 0.000500
C -1.145335 -2.165693 0.000777
H -1.657078 -3.105384 0.001024
C 2.189575 3.558958 -0.001200
C 2.810018 4.587517 -0.001570
H 3.362693 5.503731 -0.001899
C 4.221192 2.385109 0.000192
C 5.626381 2.291560 0.001600
C 3.484320 1.183102 -0.000500
C 6.271491 1.056881 0.001690
H 6.214271 3.206730 0.002353
C 4.127846 -0.049768 -0.000411
C 5.524738 -0.121919 0.000587
H 3.537414 -0.962464 -0.000868
H 7.570571 1.007378 0.002890
C 3.676660 3.565568 -0.000096
C 3.173512 4.656313 -0.000362
H 2.725320 5.627922 -0.000599
C 6.120786 -1.277222 0.000826
C 6.671535 -2.344723 0.001046
H 7.162129 -3.295626 0.001243
1  2 1.5 3 1.5 10 1.0
2  4 1.5 5 1.0
3  6 1.5 9 1.0
4  7 1.5 18 1.0
5 
6  7 1.5 8 1.0
7  13 1.0
8 
9 
10  11 3.0
11  12 1.0
12 
13  14 3.0
14  15 1.0
15 
16  17 1.5 18 1.5 25 1.0
17  19 1.5 20 1.0
18  21 1.5
19  22 1.5 24 1.0
20 
21  22 1.5 23 1.0
22  28 1.0
23 
24 
25  26 3.0
26  27 1.0
27 
28  29 3.0
29  30 1.0
30 