C 0.050900 0.030900 0.000200
C 1.459200 0.030900 0.000200
C -0.604500 1.279200 0.000200
C 2.184900 1.220000 -0.000400
H 1.985000 -0.921300 0.000400
C 0.119500 2.466600 -0.000400
C 1.518100 2.445800 -0.000800
H -0.409000 3.416500 -0.000300
H -1.903500 1.328700 0.001600
C -0.570844 -1.110781 0.000500
C -1.145335 -2.165693 0.000777
H -1.657078 -3.105384 0.001024
O 2.189599 3.558998 -0.001200
H 1.580206 4.300780 -0.001299
C 4.151797 -0.058782 0.000202
C 5.560030 -0.045122 0.001610
C 3.484320 1.183102 -0.000500
C 6.274162 1.150962 0.001690
H 6.095041 -0.992177 0.002372
C 4.196768 2.377469 -0.000422
C 5.595504 2.370236 0.000577
H 3.659080 3.322198 -0.000886
C 3.541156 -1.206439 -0.000075
C 2.976924 -2.266875 -0.000332
H 2.474320 -3.211485 -0.000561
O 6.256173 3.489895 0.000805
H 5.639615 4.225731 0.000862
C 8.253369 -0.108682 0.004295
C 9.661401 -0.081363 0.007109
C 7.573878 1.126670 0.002890
C 10.363897 1.121591 0.007869
H 10.205572 -1.023184 0.008433
C 8.274708 2.327891 0.003646
C 9.673446 2.334226 0.006043
H 7.727881 3.267360 0.002618
H 11.663866 1.109907 0.010369
C 7.653889 -1.262208 0.003439
C 7.099970 -2.328067 0.002648
H 6.606553 -3.277508 0.001944
O 10.323223 3.460240 0.006900
H 9.699556 4.190061 0.007112
1  2 1.5 3 1.5 10 1.0
2  4 1.5 5 1.0
3  6 1.5 9 1.0
4  7 1.5 17 1.0
5 
6  7 1.5 8 1.0
7  13 1.0
8 
9 
10  11 3.0
11  12 1.0
12 
13  14 1.0
14 
15  16 1.5 17 1.5 23 1.0
16  18 1.5 19 1.0
17  20 1.5
18  21 1.5 30 1.0
19 
20  21 1.5 22 1.0
21  26 1.0
22 
23  24 3.0
24  25 1.0
25 
26  27 1.0
27 
28  29 1.5 30 1.5 37 1.0
29  31 1.5 32 1.0
30  33 1.5
31  34 1.5 36 1.0
32 
33  34 1.5 35 1.0
34  40 1.0
35 
36 
37  38 3.0
38  39 1.0
39 
40  41 1.0
41 