C 0.050900 0.030900 0.000200
C 1.459200 0.030900 0.000200
C -0.604500 1.279200 0.000200
C 2.184900 1.220000 -0.000400
H 1.985000 -0.921300 0.000400
C 0.119500 2.466600 -0.000400
C 1.518100 2.445800 -0.000800
H -0.409000 3.416500 -0.000300
H -1.903500 1.328700 0.001600
C -0.570844 -1.110781 0.000500
C -1.145335 -2.165693 0.000777
H -1.657078 -3.105384 0.001024
O 2.189599 3.558998 -0.001200
H 1.580206 4.300780 -0.001299
C 4.151797 -0.058782 0.000202
C 5.560030 -0.045122 0.001610
C 3.484320 1.183102 -0.000500
C 6.274162 1.150962 0.001690
H 6.095041 -0.992177 0.002372
C 4.196768 2.377469 -0.000422
C 5.595504 2.370236 0.000577
H 3.659080 3.322198 -0.000886
C 3.541156 -1.206439 -0.000075
C 2.976924 -2.266875 -0.000332
H 2.474320 -3.211485 -0.000561
O 6.256173 3.489895 0.000805
H 5.639615 4.225731 0.000862
C 8.299056 2.335767 0.004284
C 9.705084 2.255853 0.007099
C 7.573878 1.126670 0.002890
C 10.362138 1.027489 0.007870
H 10.284068 3.176682 0.008415
C 8.229332 -0.099901 0.003657
C 9.626857 -0.158498 0.006054
H 7.647782 -1.018280 0.002636
C 7.743099 3.510889 0.003418
C 7.229395 4.596702 0.002619
H 6.771801 5.563918 0.001906
O 10.234104 -1.308006 0.006921
H 11.183930 -1.168612 0.007135
C 12.329030 -0.251293 0.012477
C 13.737257 -0.237632 0.016699
C 11.661556 0.990591 0.010369
C 14.451388 0.958451 0.018139
H 14.272266 -1.184687 0.018584
C 12.374003 2.184958 0.011804
C 13.772734 2.177725 0.015600
H 11.836316 3.129687 0.010211
H 15.751179 0.934158 0.021939
C 11.718391 -1.398950 0.011043
C 11.154161 -2.459386 0.009719
H 10.651558 -3.403997 0.008539
O 14.433401 3.297384 0.017085
H 13.816842 4.033219 0.017452
1  2 1.5 3 1.5 10 1.0
2  4 1.5 5 1.0
3  6 1.5 9 1.0
4  7 1.5 17 1.0
5 
6  7 1.5 8 1.0
7  13 1.0
8 
9 
10  11 3.0
11  12 1.0
12 
13  14 1.0
14 
15  16 1.5 17 1.5 23 1.0
16  18 1.5 19 1.0
17  20 1.5
18  21 1.5 30 1.0
19 
20  21 1.5 22 1.0
21  26 1.0
22 
23  24 3.0
24  25 1.0
25 
26  27 1.0
27 
28  29 1.5 30 1.5 36 1.0
29  31 1.5 32 1.0
30  33 1.5
31  34 1.5 43 1.0
32 
33  34 1.5 35 1.0
34  39 1.0
35 
36  37 3.0
37  38 1.0
38 
39  40 1.0
40 
41  42 1.5 43 1.5 50 1.0
42  44 1.5 45 1.0
43  46 1.5
44  47 1.5 49 1.0
45 
46  47 1.5 48 1.0
47  53 1.0
48 
49 
50  51 3.0
51  52 1.0
52 
53  54 1.0
54 