C 0.050900 0.030900 0.000200
C 1.459200 0.030900 0.000200
C -0.604500 1.279200 0.000200
C 2.184900 1.220000 -0.000400
H 1.985000 -0.921300 0.000400
C 0.119500 2.466600 -0.000400
C 1.518100 2.445800 -0.000800
H -0.409000 3.416500 -0.000300
H -1.903500 1.328700 0.001600
C -0.570844 -1.110781 0.000500
C -1.145335 -2.165693 0.000777
H -1.657078 -3.105384 0.001024
C 2.189736 3.559225 -0.001200
H 1.625976 4.316029 0.503117
H 2.373759 3.864424 -1.010158
H 3.122144 3.413460 0.503049
C 4.221192 2.385109 0.000192
C 5.626381 2.291560 0.001600
C 3.484320 1.183102 -0.000500
C 6.271491 1.056881 0.001690
H 6.214271 3.206730 0.002353
C 4.127846 -0.049768 -0.000411
C 5.524738 -0.121919 0.000587
H 3.537414 -0.962464 -0.000868
C 3.676660 3.565568 -0.000096
C 3.173512 4.656313 -0.000362
H 2.725320 5.627922 -0.000599
C 6.120930 -1.277499 0.000826
H 7.060823 -1.193839 0.505318
H 6.284618 -1.594627 -1.007956
H 5.507961 -1.994943 0.505250
C 8.318987 2.202184 0.004285
C 9.723200 2.095009 0.007100
C 7.570491 1.007381 0.002890
C 10.356302 0.854130 0.007870
H 10.319938 3.004434 0.008415
C 8.202028 -0.231674 0.003657
C 9.598153 -0.317370 0.006055
H 7.602772 -1.138599 0.002637
C 7.785931 3.387869 0.003419
C 7.293387 4.483443 0.002619
H 6.854641 5.459353 0.001906
C 10.183107 -1.478680 0.006922
H 11.123658 -1.403922 0.511587
H 10.343931 -1.797816 -1.001688
H 9.563098 -2.189926 0.511519
C 12.298017 -0.462565 0.012478
C 13.706245 -0.476225 0.016700
C 11.654760 0.792033 0.010370
C 14.443443 0.705780 0.018140
H 14.222781 -1.433481 0.018585
C 12.390242 1.972354 0.011805
C 13.788569 1.937990 0.015601
H 11.870983 2.927336 0.010212
H 15.742519 0.656277 0.021940
C 11.665230 -1.598162 0.011044
C 11.080535 -2.647452 0.009720
H 10.559703 -3.582135 0.008540
C 14.470972 3.044848 0.017087
H 13.914194 3.806460 0.521921
H 14.658714 3.349494 -0.991353
H 15.401538 2.889423 0.521853
1  2 1.5 3 1.5 10 1.0
2  4 1.5 5 1.0
3  6 1.5 9 1.0
4  7 1.5 19 1.0
5 
6  7 1.5 8 1.0
7  13 1.0
8 
9 
10  11 3.0
11  12 1.0
12 
13  14 1.0 15 1.0 16 1.0
14 
15 
16 
17  18 1.5 19 1.5 25 1.0
18  20 1.5 21 1.0
19  22 1.5
20  23 1.5 34 1.0
21 
22  23 1.5 24 1.0
23  28 1.0
24 
25  26 3.0
26  27 1.0
27 
28  29 1.0 30 1.0 31 1.0
29 
30 
31 
32  33 1.5 34 1.5 40 1.0
33  35 1.5 36 1.0
34  37 1.5
35  38 1.5 49 1.0
36 
37  38 1.5 39 1.0
38  43 1.0
39 
40  41 3.0
41  42 1.0
42 
43  44 1.0 45 1.0 46 1.0
44 
45 
46 
47  48 1.5 49 1.5 56 1.0
48  50 1.5 51 1.0
49  52 1.5
50  53 1.5 55 1.0
51 
52  53 1.5 54 1.0
53  59 1.0
54 
55 
56  57 3.0
57  58 1.0
58 
59  60 1.0 61 1.0 62 1.0
60 
61 
62 