C 0.050900 0.030900 0.000200
C 1.459200 0.030900 0.000200
C -0.604500 1.279200 0.000200
C 2.184900 1.220000 -0.000400
H 1.985000 -0.921300 0.000400
C 0.119500 2.466600 -0.000400
C 1.518100 2.445800 -0.000800
H -0.409000 3.416500 -0.000300
H -1.903500 1.328700 0.001600
C -0.570844 -1.110781 0.000500
C -1.145335 -2.165693 0.000777
H -1.657078 -3.105384 0.001024
C 2.189736 3.559225 -0.001200
H 1.625976 4.316029 0.503117
H 2.373759 3.864424 -1.010158
H 3.122144 3.413460 0.503049
C 4.151797 -0.058782 0.000202
C 5.560030 -0.045122 0.001610
C 3.484320 1.183102 -0.000500
C 6.274162 1.150962 0.001690
H 6.095041 -0.992177 0.002372
C 4.196768 2.377469 -0.000422
C 5.595504 2.370236 0.000577
H 3.659080 3.322198 -0.000886
C 3.541156 -1.206439 -0.000075
C 2.976924 -2.266875 -0.000332
H 2.474320 -3.211485 -0.000561
C 6.256309 3.490124 0.000805
H 5.685110 4.241213 0.505295
H 6.437611 3.797514 -1.007980
H 7.189963 3.353199 0.505227
C 8.253369 -0.108682 0.004295
C 9.661401 -0.081363 0.007109
C 7.573878 1.126670 0.002890
C 10.363897 1.121591 0.007869
H 10.205572 -1.023184 0.008433
C 8.274708 2.327891 0.003646
C 9.673446 2.334226 0.006043
H 7.727881 3.267360 0.002618
C 7.653889 -1.262208 0.003439
C 7.099970 -2.328067 0.002648
H 6.606553 -3.277508 0.001944
C 10.323356 3.460470 0.006901
H 9.744777 4.205772 0.511563
H 10.501912 3.770027 -1.001712
H 11.258173 3.332397 0.511494
C 12.355225 -0.118795 0.012476
C 13.762923 -0.077819 0.016698
C 11.663786 1.109907 0.010369
C 14.453717 1.131892 0.018138
H 14.316202 -1.014318 0.018583
C 12.352930 2.317870 0.011804
C 13.751538 2.337772 0.015599
H 11.797018 3.251991 0.010211
H 15.753734 1.132817 0.021938
C 11.766964 -1.278082 0.011043
C 11.223411 -2.349263 0.009718
H 10.739227 -3.303446 0.008539
C 14.390492 3.470268 0.017085
H 13.804591 4.209709 0.521919
H 14.566276 3.781966 -0.991354
H 15.326387 3.351056 0.521851
1  2 1.5 3 1.5 10 1.0
2  4 1.5 5 1.0
3  6 1.5 9 1.0
4  7 1.5 19 1.0
5 
6  7 1.5 8 1.0
7  13 1.0
8 
9 
10  11 3.0
11  12 1.0
12 
13  14 1.0 15 1.0 16 1.0
14 
15 
16 
17  18 1.5 19 1.5 25 1.0
18  20 1.5 21 1.0
19  22 1.5
20  23 1.5 34 1.0
21 
22  23 1.5 24 1.0
23  28 1.0
24 
25  26 3.0
26  27 1.0
27 
28  29 1.0 30 1.0 31 1.0
29 
30 
31 
32  33 1.5 34 1.5 40 1.0
33  35 1.5 36 1.0
34  37 1.5
35  38 1.5 49 1.0
36 
37  38 1.5 39 1.0
38  43 1.0
39 
40  41 3.0
41  42 1.0
42 
43  44 1.0 45 1.0 46 1.0
44 
45 
46 
47  48 1.5 49 1.5 56 1.0
48  50 1.5 51 1.0
49  52 1.5
50  53 1.5 55 1.0
51 
52  53 1.5 54 1.0
53  59 1.0
54 
55 
56  57 3.0
57  58 1.0
58 
59  60 1.0 61 1.0 62 1.0
60 
61 
62 