C 0.050900 0.030900 0.000200
C 1.459200 0.030900 0.000200
C -0.604500 1.279200 0.000200
C 2.184900 1.220000 -0.000400
H 1.985000 -0.921300 0.000400
C 0.119500 2.466600 -0.000400
C 1.518100 2.445800 -0.000800
H -0.409000 3.416500 -0.000300
H -1.903500 1.328700 0.001600
C -0.570844 -1.110781 0.000500
C -1.145335 -2.165693 0.000777
H -1.657078 -3.105384 0.001024
O 2.189599 3.558998 -0.001200
C 3.590381 3.271406 -0.001420
H 4.142676 4.187857 -0.001914
H 3.838560 2.705920 0.872444
H 3.838143 2.705230 -0.874856
C 4.221192 2.385109 0.000192
C 5.626381 2.291560 0.001600
C 3.484320 1.183102 -0.000500
C 6.271491 1.056881 0.001690
H 6.214271 3.206730 0.002353
C 4.127846 -0.049768 -0.000411
C 5.524738 -0.121919 0.000587
H 3.537414 -0.962464 -0.000868
C 3.676660 3.565568 -0.000096
C 3.173512 4.656313 -0.000362
H 2.725320 5.627922 -0.000599
O 6.120808 -1.277263 0.000826
C 5.141674 -2.319471 0.000840
H 5.632668 -3.270174 0.000872
H 4.529811 -2.234049 0.874530
H 4.529835 -2.234095 -0.872770
C 8.318987 2.202184 0.004285
C 9.723200 2.095009 0.007100
C 7.570491 1.007381 0.002890
C 10.356302 0.854130 0.007870
H 10.319938 3.004434 0.008415
C 8.202028 -0.231674 0.003657
C 9.598153 -0.317370 0.006055
H 7.602772 -1.138599 0.002637
C 7.785931 3.387869 0.003419
C 7.293387 4.483443 0.002619
H 6.854641 5.459353 0.001906
O 10.182987 -1.478442 0.006922
C 9.193789 -2.511103 0.007167
H 9.675539 -3.466524 0.007716
H 8.582594 -2.419373 0.880684
H 8.582997 -2.420174 -0.866616
C 12.414808 1.979519 0.012467
C 13.817912 1.858730 0.016690
C 11.654760 0.792033 0.010370
C 14.438947 0.611768 0.018140
H 14.423441 2.762323 0.018567
C 12.274247 -0.453089 0.011816
C 13.669472 -0.552323 0.015611
H 11.666224 -1.354159 0.010231
H 15.736818 0.537075 0.021940
C 11.893279 3.170320 0.011024
C 11.411386 4.270619 0.009690
H 10.982127 5.250739 0.008502
O 14.243015 -1.719013 0.017107
C 13.243847 -2.742029 0.017583
H 13.716306 -3.702079 0.018649
H 12.633384 -2.643996 0.890927
H 12.634152 -2.645559 -0.856372
1  2 1.5 3 1.5 10 1.0
2  4 1.5 5 1.0
3  6 1.5 9 1.0
4  7 1.5 20 1.0
5 
6  7 1.5 8 1.0
7  13 1.0
8 
9 
10  11 3.0
11  12 1.0
12 
13  14 1.0
14  15 1.0 16 1.0 17 1.0
15 
16 
17 
18  19 1.5 20 1.5 26 1.0
19  21 1.5 22 1.0
20  23 1.5
21  24 1.5 36 1.0
22 
23  24 1.5 25 1.0
24  29 1.0
25 
26  27 3.0
27  28 1.0
28 
29  30 1.0
30  31 1.0 32 1.0 33 1.0
31 
32 
33 
34  35 1.5 36 1.5 42 1.0
35  37 1.5 38 1.0
36  39 1.5
37  40 1.5 52 1.0
38 
39  40 1.5 41 1.0
40  45 1.0
41 
42  43 3.0
43  44 1.0
44 
45  46 1.0
46  47 1.0 48 1.0 49 1.0
47 
48 
49 
50  51 1.5 52 1.5 59 1.0
51  53 1.5 54 1.0
52  55 1.5
53  56 1.5 58 1.0
54 
55  56 1.5 57 1.0
56  62 1.0
57 
58 
59  60 3.0
60  61 1.0
61 
62  63 1.0
63  64 1.0 65 1.0 66 1.0
64 
65 
66 