C 0.050900 0.030900 0.000200
C 1.459200 0.030900 0.000200
C -0.604500 1.279200 0.000200
C 2.184900 1.220000 -0.000400
H 1.985000 -0.921300 0.000400
C 0.119500 2.466600 -0.000400
C 1.518100 2.445800 -0.000800
H -0.409000 3.416500 -0.000300
H -1.903500 1.328700 0.001600
C -0.570844 -1.110781 0.000500
C -1.145335 -2.165693 0.000777
H -1.657078 -3.105384 0.001024
O 2.189599 3.558998 -0.001200
C 3.590381 3.271406 -0.001420
H 4.142676 4.187857 -0.001914
H 3.838560 2.705920 0.872444
H 3.838143 2.705230 -0.874856
C 4.221192 2.385109 0.000192
C 5.626381 2.291560 0.001600
C 3.484320 1.183102 -0.000500
C 6.271491 1.056881 0.001690
H 6.214271 3.206730 0.002353
C 4.127846 -0.049768 -0.000411
C 5.524738 -0.121919 0.000587
H 3.537414 -0.962464 -0.000868
H 7.570571 1.007378 0.002890
C 3.676660 3.565568 -0.000096
C 3.173512 4.656313 -0.000362
H 2.725320 5.627922 -0.000599
O 6.120808 -1.277263 0.000826
C 5.141674 -2.319471 0.000840
H 5.632668 -3.270174 0.000872
H 4.529811 -2.234049 0.874530
H 4.529835 -2.234095 -0.872770
1  2 1.5 3 1.5 10 1.0
2  4 1.5 5 1.0
3  6 1.5 9 1.0
4  7 1.5 20 1.0
5 
6  7 1.5 8 1.0
7  13 1.0
8 
9 
10  11 3.0
11  12 1.0
12 
13  14 1.0
14  15 1.0 16 1.0 17 1.0
15 
16 
17 
18  19 1.5 20 1.5 27 1.0
19  21 1.5 22 1.0
20  23 1.5
21  24 1.5 26 1.0
22 
23  24 1.5 25 1.0
24  30 1.0
25 
26 
27  28 3.0
28  29 1.0
29 
30  31 1.0
31  32 1.0 33 1.0 34 1.0
32 
33 
34 