C 0.050900 0.030900 0.000200
C 1.459200 0.030900 0.000200
C -0.604500 1.279200 0.000200
C 2.184900 1.220000 -0.000400
H 1.985000 -0.921300 0.000400
C 0.119500 2.466600 -0.000400
C 1.518100 2.445800 -0.000800
H -0.409000 3.416500 -0.000300
H -1.903500 1.328700 0.001600
C -0.570844 -1.110781 0.000500
C -1.145335 -2.165693 0.000777
H -1.657078 -3.105384 0.001024
O 2.189599 3.558998 -0.001200
C 3.590381 3.271406 -0.001420
H 4.142676 4.187857 -0.001914
H 3.838560 2.705920 0.872444
H 3.838143 2.705230 -0.874856
C 4.221192 2.385109 0.000192
C 5.626381 2.291560 0.001600
C 3.484320 1.183102 -0.000500
C 6.271491 1.056881 0.001690
H 6.214271 3.206730 0.002353
C 4.127846 -0.049768 -0.000411
C 5.524738 -0.121919 0.000587
H 3.537414 -0.962464 -0.000868
C 3.676660 3.565568 -0.000096
C 3.173512 4.656313 -0.000362
H 2.725320 5.627922 -0.000599
O 6.120808 -1.277263 0.000826
C 5.141674 -2.319471 0.000840
H 5.632668 -3.270174 0.000872
H 4.529811 -2.234049 0.874530
H 4.529835 -2.234095 -0.872770
C 8.225889 -0.240919 0.004295
C 9.634186 -0.240919 0.007110
C 7.570491 1.007381 0.002890
C 10.359886 0.948181 0.007870
H 10.159985 -1.193119 0.008433
C 8.294491 2.194781 0.003647
C 9.693089 2.173981 0.006044
H 7.765991 3.144681 0.002618
H 11.659384 0.911281 0.010370
C 7.604146 -1.382600 0.003440
C 7.029655 -2.437513 0.002649
H 6.517913 -3.377204 0.001945
O 10.364587 3.287178 0.006901
C 11.765369 2.999587 0.007142
H 12.317663 3.916039 0.007683
H 12.013112 2.433378 0.880662
H 12.013568 2.434134 -0.866638
1  2 1.5 3 1.5 10 1.0
2  4 1.5 5 1.0
3  6 1.5 9 1.0
4  7 1.5 20 1.0
5 
6  7 1.5 8 1.0
7  13 1.0
8 
9 
10  11 3.0
11  12 1.0
12 
13  14 1.0
14  15 1.0 16 1.0 17 1.0
15 
16 
17 
18  19 1.5 20 1.5 26 1.0
19  21 1.5 22 1.0
20  23 1.5
21  24 1.5 36 1.0
22 
23  24 1.5 25 1.0
24  29 1.0
25 
26  27 3.0
27  28 1.0
28 
29  30 1.0
30  31 1.0 32 1.0 33 1.0
31 
32 
33 
34  35 1.5 36 1.5 43 1.0
35  37 1.5 38 1.0
36  39 1.5
37  40 1.5 42 1.0
38 
39  40 1.5 41 1.0
40  46 1.0
41 
42 
43  44 3.0
44  45 1.0
45 
46  47 1.0
47  48 1.0 49 1.0 50 1.0
48 
49 
50 