C 0.050900 0.030900 0.000200
C 1.459200 0.030900 0.000200
C -0.604500 1.279200 0.000200
C 2.184900 1.220000 -0.000400
H 1.985000 -0.921300 0.000400
C 0.119500 2.466600 -0.000400
C 1.518100 2.445800 -0.000800
H -0.409000 3.416500 -0.000300
H -1.903500 1.328700 0.001600
O -0.570866 -1.110821 0.000500
H 0.070639 -1.825014 0.000574
O 2.189599 3.558998 -0.001200
H 1.580206 4.300780 -0.001299
C 4.151797 -0.058782 0.000202
C 5.560030 -0.045122 0.001610
C 3.484320 1.183102 -0.000500
C 6.274162 1.150962 0.001690
H 6.095041 -0.992177 0.002372
C 4.196768 2.377469 -0.000422
C 5.595504 2.370236 0.000577
H 3.659080 3.322198 -0.000886
O 3.541135 -1.206480 -0.000075
H 4.189536 -1.914417 -0.000144
O 6.256173 3.489895 0.000805
H 5.639615 4.225731 0.000862
C 8.253369 -0.108682 0.004295
C 9.661401 -0.081363 0.007109
C 7.573878 1.126670 0.002890
C 10.363897 1.121591 0.007869
H 10.205572 -1.023184 0.008433
C 8.274708 2.327891 0.003646
C 9.673446 2.334226 0.006043
H 7.727881 3.267360 0.002618
O 7.653868 -1.262249 0.003439
H 8.309106 -1.963863 0.003228
O 10.323223 3.460240 0.006900
H 9.699556 4.190061 0.007112
C 12.355225 -0.118795 0.012476
C 13.762923 -0.077819 0.016698
C 11.663786 1.109907 0.010369
C 14.453717 1.131892 0.018138
H 14.316202 -1.014318 0.018583
C 12.352930 2.317870 0.011804
C 13.751538 2.337772 0.015599
H 11.797018 3.251991 0.010211
H 15.753734 1.132817 0.021938
O 11.766943 -1.278123 0.011043
H 12.428957 -1.973348 0.010690
O 14.390361 3.470036 0.017085
H 13.759643 4.193773 0.017451
1  2 1.5 3 1.5 10 1.0
2  4 1.5 5 1.0
3  6 1.5 9 1.0
4  7 1.5 16 1.0
5 
6  7 1.5 8 1.0
7  12 1.0
8 
9 
10  11 1.0
11 
12  13 1.0
13 
14  15 1.5 16 1.5 22 1.0
15  17 1.5 18 1.0
16  19 1.5
17  20 1.5 28 1.0
18 
19  20 1.5 21 1.0
20  24 1.0
21 
22  23 1.0
23 
24  25 1.0
25 
26  27 1.5 28 1.5 34 1.0
27  29 1.5 30 1.0
28  31 1.5
29  32 1.5 40 1.0
30 
31  32 1.5 33 1.0
32  36 1.0
33 
34  35 1.0
35 
36  37 1.0
37 
38  39 1.5 40 1.5 47 1.0
39  41 1.5 42 1.0
40  43 1.5
41  44 1.5 46 1.0
42 
43  44 1.5 45 1.0
44  49 1.0
45 
46 
47  48 1.0
48 
49  50 1.0
50 