C 0.050900 0.030900 0.000200
C 1.459200 0.030900 0.000200
C -0.604500 1.279200 0.000200
C 2.184900 1.220000 -0.000400
H 1.985000 -0.921300 0.000400
C 0.119500 2.466600 -0.000400
C 1.518100 2.445800 -0.000800
H -0.409000 3.416500 -0.000300
H -1.903500 1.328700 0.001600
O -0.570866 -1.110821 0.000500
H 0.070639 -1.825014 0.000574
C 2.189736 3.559225 -0.001200
H 1.625976 4.316029 0.503117
H 2.373759 3.864424 -1.010158
H 3.122144 3.413460 0.503049
C 4.151797 -0.058782 0.000202
C 5.560030 -0.045122 0.001610
C 3.484320 1.183102 -0.000500
C 6.274162 1.150962 0.001690
H 6.095041 -0.992177 0.002372
C 4.196768 2.377469 -0.000422
C 5.595504 2.370236 0.000577
H 3.659080 3.322198 -0.000886
O 3.541135 -1.206480 -0.000075
H 4.189536 -1.914417 -0.000144
C 6.256309 3.490124 0.000805
H 5.685110 4.241213 0.505295
H 6.437611 3.797514 -1.007980
H 7.189963 3.353199 0.505227
C 8.299056 2.335767 0.004284
C 9.705084 2.255853 0.007099
C 7.573878 1.126670 0.002890
C 10.362138 1.027489 0.007870
H 10.284068 3.176682 0.008415
C 8.229332 -0.099901 0.003657
C 9.626857 -0.158498 0.006054
H 7.647782 -1.018280 0.002636
O 7.743080 3.510931 0.003418
H 6.788032 3.413549 0.003205
C 10.234228 -1.308242 0.006921
H 11.173153 -1.215253 0.511586
H 10.401213 -1.624198 -1.001688
H 9.628133 -2.031382 0.511518
C 12.329030 -0.251293 0.012477
C 13.737257 -0.237632 0.016699
C 11.661556 0.990591 0.010369
C 14.451388 0.958451 0.018139
H 14.272266 -1.184687 0.018584
C 12.374003 2.184958 0.011804
C 13.772734 2.177725 0.015600
H 11.836316 3.129687 0.010211
H 15.751179 0.934158 0.021939
O 11.718369 -1.398991 0.011043
H 12.366772 -2.106927 0.010690
C 14.433537 3.297613 0.017086
H 13.862089 4.048281 0.521920
H 14.615334 3.605843 -0.991354
H 15.366943 3.160269 0.521852
1  2 1.5 3 1.5 10 1.0
2  4 1.5 5 1.0
3  6 1.5 9 1.0
4  7 1.5 18 1.0
5 
6  7 1.5 8 1.0
7  12 1.0
8 
9 
10  11 1.0
11 
12  13 1.0 14 1.0 15 1.0
13 
14 
15 
16  17 1.5 18 1.5 24 1.0
17  19 1.5 20 1.0
18  21 1.5
19  22 1.5 32 1.0
20 
21  22 1.5 23 1.0
22  26 1.0
23 
24  25 1.0
25 
26  27 1.0 28 1.0 29 1.0
27 
28 
29 
30  31 1.5 32 1.5 38 1.0
31  33 1.5 34 1.0
32  35 1.5
33  36 1.5 46 1.0
34 
35  36 1.5 37 1.0
36  40 1.0
37 
38  39 1.0
39 
40  41 1.0 42 1.0 43 1.0
41 
42 
43 
44  45 1.5 46 1.5 53 1.0
45  47 1.5 48 1.0
46  49 1.5
47  50 1.5 52 1.0
48 
49  50 1.5 51 1.0
50  55 1.0
51 
52 
53  54 1.0
54 
55  56 1.0 57 1.0 58 1.0
56 
57 
58 