C 0.050900 0.030900 0.000200
C 1.459200 0.030900 0.000200
C -0.604500 1.279200 0.000200
C 2.184900 1.220000 -0.000400
H 1.985000 -0.921300 0.000400
C 0.119500 2.466600 -0.000400
C 1.518100 2.445800 -0.000800
H -0.409000 3.416500 -0.000300
H -1.903500 1.328700 0.001600
O -0.570866 -1.110821 0.000500
H 0.070639 -1.825014 0.000574
C 2.189736 3.559225 -0.001200
H 1.625976 4.316029 0.503117
H 2.373759 3.864424 -1.010158
H 3.122144 3.413460 0.503049
C 4.151797 -0.058782 0.000202
C 5.560030 -0.045122 0.001610
C 3.484320 1.183102 -0.000500
C 6.274162 1.150962 0.001690
H 6.095041 -0.992177 0.002372
C 4.196768 2.377469 -0.000422
C 5.595504 2.370236 0.000577
H 3.659080 3.322198 -0.000886
O 3.541135 -1.206480 -0.000075
H 4.189536 -1.914417 -0.000144
C 6.256309 3.490124 0.000805
H 5.685110 4.241213 0.505295
H 6.437611 3.797514 -1.007980
H 7.189963 3.353199 0.505227
C 8.253369 -0.108682 0.004295
C 9.661401 -0.081363 0.007109
C 7.573878 1.126670 0.002890
C 10.363897 1.121591 0.007869
H 10.205572 -1.023184 0.008433
C 8.274708 2.327891 0.003646
C 9.673446 2.334226 0.006043
H 7.727881 3.267360 0.002618
H 11.663866 1.109907 0.010369
O 7.653868 -1.262249 0.003439
H 8.309106 -1.963863 0.003228
C 10.323356 3.460470 0.006901
H 9.744777 4.205772 0.511563
H 10.501912 3.770027 -1.001712
H 11.258173 3.332397 0.511494
1  2 1.5 3 1.5 10 1.0
2  4 1.5 5 1.0
3  6 1.5 9 1.0
4  7 1.5 18 1.0
5 
6  7 1.5 8 1.0
7  12 1.0
8 
9 
10  11 1.0
11 
12  13 1.0 14 1.0 15 1.0
13 
14 
15 
16  17 1.5 18 1.5 24 1.0
17  19 1.5 20 1.0
18  21 1.5
19  22 1.5 32 1.0
20 
21  22 1.5 23 1.0
22  26 1.0
23 
24  25 1.0
25 
26  27 1.0 28 1.0 29 1.0
27 
28 
29 
30  31 1.5 32 1.5 39 1.0
31  33 1.5 34 1.0
32  35 1.5
33  36 1.5 38 1.0
34 
35  36 1.5 37 1.0
36  41 1.0
37 
38 
39  40 1.0
40 
41  42 1.0 43 1.0 44 1.0
42 
43 
44 