C 0.050900 0.030900 0.000200
C 1.459200 0.030900 0.000200
C -0.604500 1.279200 0.000200
C 2.184900 1.220000 -0.000400
H 1.985000 -0.921300 0.000400
C 0.119500 2.466600 -0.000400
C 1.518100 2.445800 -0.000800
H -0.409000 3.416500 -0.000300
H 3.484400 1.183100 -0.000500
H -1.903500 1.328700 0.001600
O -0.570866 -1.110821 0.000500
H 0.070639 -1.825014 0.000574
O 2.189599 3.558998 -0.001200
C 3.590381 3.271406 -0.001420
H 4.142676 4.187857 -0.001914
H 3.838560 2.705920 0.872444
H 3.838143 2.705230 -0.874856
1  2 1.5 3 1.5 11 1.0
2  4 1.5 5 1.0
3  6 1.5 10 1.0
4  7 1.5 9 1.0
5 
6  7 1.5 8 1.0
7  13 1.0
8 
9 
10 
11  12 1.0
12 
13  14 1.0
14  15 1.0 16 1.0 17 1.0
15 
16 
17 