C 0.050900 0.030900 0.000200
C 1.459200 0.030900 0.000200
C -0.604500 1.279200 0.000200
C 2.184900 1.220000 -0.000400
H 1.985000 -0.921300 0.000400
C 0.119500 2.466600 -0.000400
C 1.518100 2.445800 -0.000800
H -0.409000 3.416500 -0.000300
H -1.903500 1.328700 0.001600
C -0.570993 -1.111055 0.000500
H 0.025715 -1.842028 0.505009
H -0.741641 -1.424547 -1.008265
H -1.508792 -1.006301 0.504941
H 2.189575 3.558958 -0.001200
C 4.151797 -0.058782 0.000202
C 5.560030 -0.045122 0.001610
C 3.484320 1.183102 -0.000500
C 6.274162 1.150962 0.001690
H 6.095041 -0.992177 0.002372
C 4.196768 2.377469 -0.000422
C 5.595504 2.370236 0.000577
H 3.659080 3.322198 -0.000886
C 3.541010 -1.206715 -0.000075
H 4.144675 -1.932064 0.504275
H 3.373621 -1.521452 -1.008999
H 2.602134 -1.111261 0.504207
H 6.256150 3.489855 0.000805
C 8.299056 2.335767 0.004284
C 9.705084 2.255853 0.007099
C 7.573878 1.126670 0.002890
C 10.362138 1.027489 0.007870
H 10.284068 3.176682 0.008415
C 8.229332 -0.099901 0.003657
C 9.626857 -0.158498 0.006054
H 7.647782 -1.018280 0.002636
C 7.742966 3.511171 0.003418
H 6.800567 3.460277 0.507608
H 7.590648 3.832968 -1.005667
H 8.380067 4.207494 0.507539
H 10.234082 -1.307966 0.006921
C 12.398426 2.192598 0.012466
C 13.803609 2.099050 0.016689
C 11.661556 0.990591 0.010369
C 14.448716 0.864370 0.018139
H 14.391496 3.014219 0.018566
C 12.305080 -0.242279 0.011815
C 13.701968 -0.314429 0.015610
H 11.714651 -1.154975 0.010230
H 15.747792 0.814867 0.021939
C 11.853764 3.373341 0.011022
H 10.910822 3.331794 0.515053
H 11.704763 3.696192 -0.998221
H 12.497496 4.063653 0.514985
H 14.298014 -1.469733 0.017106
1  2 1.5 3 1.5 10 1.0
2  4 1.5 5 1.0
3  6 1.5 9 1.0
4  7 1.5 17 1.0
5 
6  7 1.5 8 1.0
7  14 1.0
8 
9 
10  11 1.0 12 1.0 13 1.0
11 
12 
13 
14 
15  16 1.5 17 1.5 23 1.0
16  18 1.5 19 1.0
17  20 1.5
18  21 1.5 30 1.0
19 
20  21 1.5 22 1.0
21  27 1.0
22 
23  24 1.0 25 1.0 26 1.0
24 
25 
26 
27 
28  29 1.5 30 1.5 36 1.0
29  31 1.5 32 1.0
30  33 1.5
31  34 1.5 43 1.0
32 
33  34 1.5 35 1.0
34  40 1.0
35 
36  37 1.0 38 1.0 39 1.0
37 
38 
39 
40 
41  42 1.5 43 1.5 50 1.0
42  44 1.5 45 1.0
43  46 1.5
44  47 1.5 49 1.0
45 
46  47 1.5 48 1.0
47  54 1.0
48 
49 
50  51 1.0 52 1.0 53 1.0
51 
52 
53 
54 