C 0.050900 0.030900 0.000200
C 1.459200 0.030900 0.000200
C -0.604500 1.279200 0.000200
C 2.184900 1.220000 -0.000400
H 1.985000 -0.921300 0.000400
C 0.119500 2.466600 -0.000400
C 1.518100 2.445800 -0.000800
H -0.409000 3.416500 -0.000300
H -1.903500 1.328700 0.001600
C -0.570993 -1.111055 0.000500
H 0.025715 -1.842028 0.505009
H -0.741641 -1.424547 -1.008265
H -1.508792 -1.006301 0.504941
H 2.189575 3.558958 -0.001200
C 4.221192 2.385109 0.000192
C 5.626381 2.291560 0.001600
C 3.484320 1.183102 -0.000500
C 6.271491 1.056881 0.001690
H 6.214271 3.206730 0.002353
C 4.127846 -0.049768 -0.000411
C 5.524738 -0.121919 0.000587
H 3.537414 -0.962464 -0.000868
C 3.676529 3.565852 -0.000096
H 2.733775 3.523897 0.504252
H 3.527152 3.889517 -1.009023
H 4.320448 4.255758 0.504184
H 6.120786 -1.277222 0.000826
C 8.225889 -0.240919 0.004295
C 9.634186 -0.240919 0.007110
C 7.570491 1.007381 0.002890
C 10.359886 0.948181 0.007870
H 10.159985 -1.193119 0.008433
C 8.294491 2.194781 0.003647
C 9.693089 2.173981 0.006044
H 7.765991 3.144681 0.002618
H 11.659384 0.911281 0.010370
C 7.603997 -1.382874 0.003439
H 8.200491 -2.114240 0.507631
H 7.433778 -1.695579 -1.005643
H 6.665984 -1.278514 0.507563
H 10.364563 3.287139 0.006901
1  2 1.5 3 1.5 10 1.0
2  4 1.5 5 1.0
3  6 1.5 9 1.0
4  7 1.5 17 1.0
5 
6  7 1.5 8 1.0
7  14 1.0
8 
9 
10  11 1.0 12 1.0 13 1.0
11 
12 
13 
14 
15  16 1.5 17 1.5 23 1.0
16  18 1.5 19 1.0
17  20 1.5
18  21 1.5 30 1.0
19 
20  21 1.5 22 1.0
21  27 1.0
22 
23  24 1.0 25 1.0 26 1.0
24 
25 
26 
27 
28  29 1.5 30 1.5 37 1.0
29  31 1.5 32 1.0
30  33 1.5
31  34 1.5 36 1.0
32 
33  34 1.5 35 1.0
34  41 1.0
35 
36 
37  38 1.0 39 1.0 40 1.0
38 
39 
40 
41 