C 0.050900 0.030900 0.000200
C 1.459200 0.030900 0.000200
C -0.604500 1.279200 0.000200
C 2.184900 1.220000 -0.000400
H 1.985000 -0.921300 0.000400
C 0.119500 2.466600 -0.000400
C 1.518100 2.445800 -0.000800
H -0.409000 3.416500 -0.000300
H -1.903500 1.328700 0.001600
C -0.570993 -1.111055 0.000500
H 0.025715 -1.842028 0.505009
H -0.741641 -1.424547 -1.008265
H -1.508792 -1.006301 0.504941
O 2.189599 3.558998 -0.001200
H 1.580206 4.300780 -0.001299
C 4.221192 2.385109 0.000192
C 5.626381 2.291560 0.001600
C 3.484320 1.183102 -0.000500
C 6.271491 1.056881 0.001690
H 6.214271 3.206730 0.002353
C 4.127846 -0.049768 -0.000411
C 5.524738 -0.121919 0.000587
H 3.537414 -0.962464 -0.000868
C 3.676529 3.565852 -0.000096
H 2.733775 3.523897 0.504252
H 3.527152 3.889517 -1.009023
H 4.320448 4.255758 0.504184
O 6.120807 -1.277263 0.000826
H 7.071941 -1.147088 0.000885
C 8.318987 2.202184 0.004285
C 9.723200 2.095009 0.007100
C 7.570491 1.007381 0.002890
C 10.356302 0.854130 0.007870
H 10.319938 3.004434 0.008415
C 8.202028 -0.231674 0.003657
C 9.598153 -0.317370 0.006055
H 7.602772 -1.138599 0.002637
C 7.785803 3.388154 0.003419
H 6.842594 3.355550 0.507608
H 7.639756 3.712844 -1.005666
H 8.436291 4.071986 0.507540
O 10.182987 -1.478442 0.006922
H 11.135338 -1.357499 0.007135
C 12.298017 -0.462565 0.012478
C 13.706245 -0.476225 0.016700
C 11.654760 0.792033 0.010370
C 14.443443 0.705780 0.018140
H 14.222781 -1.433481 0.018585
C 12.390242 1.972354 0.011805
C 13.788569 1.937990 0.015601
H 11.870983 2.927336 0.010212
H 15.742519 0.656277 0.021940
C 11.665079 -1.598434 0.011044
H 12.254342 -2.335748 0.515077
H 11.492053 -1.909082 -0.998197
H 10.728013 -1.485178 0.515009
O 14.470832 3.044622 0.017087
H 13.868663 3.792279 0.017453
1  2 1.5 3 1.5 10 1.0
2  4 1.5 5 1.0
3  6 1.5 9 1.0
4  7 1.5 18 1.0
5 
6  7 1.5 8 1.0
7  14 1.0
8 
9 
10  11 1.0 12 1.0 13 1.0
11 
12 
13 
14  15 1.0
15 
16  17 1.5 18 1.5 24 1.0
17  19 1.5 20 1.0
18  21 1.5
19  22 1.5 32 1.0
20 
21  22 1.5 23 1.0
22  28 1.0
23 
24  25 1.0 26 1.0 27 1.0
25 
26 
27 
28  29 1.0
29 
30  31 1.5 32 1.5 38 1.0
31  33 1.5 34 1.0
32  35 1.5
33  36 1.5 46 1.0
34 
35  36 1.5 37 1.0
36  42 1.0
37 
38  39 1.0 40 1.0 41 1.0
39 
40 
41 
42  43 1.0
43 
44  45 1.5 46 1.5 53 1.0
45  47 1.5 48 1.0
46  49 1.5
47  50 1.5 52 1.0
48 
49  50 1.5 51 1.0
50  57 1.0
51 
52 
53  54 1.0 55 1.0 56 1.0
54 
55 
56 
57  58 1.0
58 