C 0.050900 0.030900 0.000200
C 1.459200 0.030900 0.000200
C -0.604500 1.279200 0.000200
C 2.184900 1.220000 -0.000400
H 1.985000 -0.921300 0.000400
C 0.119500 2.466600 -0.000400
C 1.518100 2.445800 -0.000800
H -0.409000 3.416500 -0.000300
H -1.903500 1.328700 0.001600
C -0.570993 -1.111055 0.000500
H 0.025715 -1.842028 0.505009
H -0.741641 -1.424547 -1.008265
H -1.508792 -1.006301 0.504941
O 2.189599 3.558998 -0.001200
C 3.590381 3.271406 -0.001420
H 4.142676 4.187857 -0.001914
H 3.838560 2.705920 0.872444
H 3.838143 2.705230 -0.874856
C 4.151797 -0.058782 0.000202
C 5.560030 -0.045122 0.001610
C 3.484320 1.183102 -0.000500
C 6.274162 1.150962 0.001690
H 6.095041 -0.992177 0.002372
C 4.196768 2.377469 -0.000422
C 5.595504 2.370236 0.000577
H 3.659080 3.322198 -0.000886
C 3.541010 -1.206715 -0.000075
H 4.144675 -1.932064 0.504275
H 3.373621 -1.521452 -1.008999
H 2.602134 -1.111261 0.504207
O 6.256174 3.489895 0.000805
C 7.659679 3.215904 0.000816
H 8.203059 4.137669 0.000840
H 7.913117 2.652488 0.874508
H 7.913136 2.652521 -0.872792
C 8.253369 -0.108682 0.004295
C 9.661401 -0.081363 0.007109
C 7.573878 1.126670 0.002890
C 10.363897 1.121591 0.007869
H 10.205572 -1.023184 0.008433
C 8.274708 2.327891 0.003646
C 9.673446 2.334226 0.006043
H 7.727881 3.267360 0.002618
H 11.663866 1.109907 0.010369
C 7.653745 -1.262485 0.003439
H 8.264315 -1.982143 0.507631
H 7.489625 -1.578433 -1.005643
H 6.713885 -1.176342 0.507563
O 10.323223 3.460240 0.006900
C 11.729321 3.199876 0.007142
H 12.263734 4.126868 0.007683
H 11.988001 2.638579 0.880661
H 11.988442 2.639344 -0.866638
1  2 1.5 3 1.5 10 1.0
2  4 1.5 5 1.0
3  6 1.5 9 1.0
4  7 1.5 21 1.0
5 
6  7 1.5 8 1.0
7  14 1.0
8 
9 
10  11 1.0 12 1.0 13 1.0
11 
12 
13 
14  15 1.0
15  16 1.0 17 1.0 18 1.0
16 
17 
18 
19  20 1.5 21 1.5 27 1.0
20  22 1.5 23 1.0
21  24 1.5
22  25 1.5 38 1.0
23 
24  25 1.5 26 1.0
25  31 1.0
26 
27  28 1.0 29 1.0 30 1.0
28 
29 
30 
31  32 1.0
32  33 1.0 34 1.0 35 1.0
33 
34 
35 
36  37 1.5 38 1.5 45 1.0
37  39 1.5 40 1.0
38  41 1.5
39  42 1.5 44 1.0
40 
41  42 1.5 43 1.0
42  49 1.0
43 
44 
45  46 1.0 47 1.0 48 1.0
46 
47 
48 
49  50 1.0
50  51 1.0 52 1.0 53 1.0
51 
52 
53 