C 0.050900 0.030900 0.000200
C 1.459200 0.030900 0.000200
C -0.604500 1.279200 0.000200
C 2.184900 1.220000 -0.000400
H 1.985000 -0.921300 0.000400
C 0.119500 2.466600 -0.000400
C 1.518100 2.445800 -0.000800
H -0.409000 3.416500 -0.000300
H -1.903500 1.328700 0.001600
C -0.570993 -1.111055 0.000500
H 0.025715 -1.842028 0.505009
H -0.741641 -1.424547 -1.008265
H -1.508792 -1.006301 0.504941
O 2.189599 3.558998 -0.001200
C 3.590381 3.271406 -0.001420
H 4.142676 4.187857 -0.001914
H 3.838560 2.705920 0.872444
H 3.838143 2.705230 -0.874856
C 4.151797 -0.058782 0.000202
C 5.560030 -0.045122 0.001610
C 3.484320 1.183102 -0.000500
C 6.274162 1.150962 0.001690
H 6.095041 -0.992177 0.002372
C 4.196768 2.377469 -0.000422
C 5.595504 2.370236 0.000577
H 3.659080 3.322198 -0.000886
C 3.541010 -1.206715 -0.000075
H 4.144675 -1.932064 0.504275
H 3.373621 -1.521452 -1.008999
H 2.602134 -1.111261 0.504207
O 6.256174 3.489895 0.000805
C 7.659679 3.215904 0.000816
H 8.203059 4.137669 0.000840
H 7.913117 2.652488 0.874508
H 7.913136 2.652521 -0.872792
C 8.299056 2.335767 0.004284
C 9.705084 2.255853 0.007099
C 7.573878 1.126670 0.002890
C 10.362138 1.027489 0.007870
H 10.284068 3.176682 0.008415
C 8.229332 -0.099901 0.003657
C 9.626857 -0.158498 0.006054
H 7.647782 -1.018280 0.002636
C 7.742966 3.511171 0.003418
H 6.800567 3.460277 0.507608
H 7.590648 3.832968 -1.005667
H 8.380067 4.207494 0.507539
O 10.234104 -1.308006 0.006921
C 9.265125 -2.359662 0.007166
H 9.765317 -3.305558 0.007715
H 8.652265 -2.279806 0.880683
H 8.652684 -2.280599 -0.866617
C 12.398426 2.192598 0.012466
C 13.803609 2.099050 0.016689
C 11.661556 0.990591 0.010369
C 14.448716 0.864370 0.018139
H 14.391496 3.014219 0.018566
C 12.305080 -0.242279 0.011815
C 13.701968 -0.314429 0.015610
H 11.714651 -1.154975 0.010230
H 15.747792 0.814867 0.021939
C 11.853764 3.373341 0.011022
H 10.910822 3.331794 0.515053
H 11.704763 3.696192 -0.998221
H 12.497496 4.063653 0.514985
O 14.298035 -1.469774 0.017106
C 13.318900 -2.511980 0.017582
H 13.809893 -3.462683 0.018648
H 12.706650 -2.425807 0.890926
H 12.707449 -2.427355 -0.856373
1  2 1.5 3 1.5 10 1.0
2  4 1.5 5 1.0
3  6 1.5 9 1.0
4  7 1.5 21 1.0
5 
6  7 1.5 8 1.0
7  14 1.0
8 
9 
10  11 1.0 12 1.0 13 1.0
11 
12 
13 
14  15 1.0
15  16 1.0 17 1.0 18 1.0
16 
17 
18 
19  20 1.5 21 1.5 27 1.0
20  22 1.5 23 1.0
21  24 1.5
22  25 1.5 38 1.0
23 
24  25 1.5 26 1.0
25  31 1.0
26 
27  28 1.0 29 1.0 30 1.0
28 
29 
30 
31  32 1.0
32  33 1.0 34 1.0 35 1.0
33 
34 
35 
36  37 1.5 38 1.5 44 1.0
37  39 1.5 40 1.0
38  41 1.5
39  42 1.5 55 1.0
40 
41  42 1.5 43 1.0
42  48 1.0
43 
44  45 1.0 46 1.0 47 1.0
45 
46 
47 
48  49 1.0
49  50 1.0 51 1.0 52 1.0
50 
51 
52 
53  54 1.5 55 1.5 62 1.0
54  56 1.5 57 1.0
55  58 1.5
56  59 1.5 61 1.0
57 
58  59 1.5 60 1.0
59  66 1.0
60 
61 
62  63 1.0 64 1.0 65 1.0
63 
64 
65 
66  67 1.0
67  68 1.0 69 1.0 70 1.0
68 
69 
70 