C 0.050900 0.030900 0.000200
C 1.459200 0.030900 0.000200
C -0.604500 1.279200 0.000200
C 2.184900 1.220000 -0.000400
H 1.985000 -0.921300 0.000400
C 0.119500 2.466600 -0.000400
C 1.518100 2.445800 -0.000800
H -0.409000 3.416500 -0.000300
H -1.903500 1.328700 0.001600
O -0.570866 -1.110821 0.000500
C -1.982966 -0.885268 0.000537
H -2.494318 -1.825178 0.000619
H -2.255610 -0.330861 0.874209
H -2.255674 -0.330979 -0.873091
H 2.189575 3.558958 -0.001200
C 4.151797 -0.058782 0.000202
C 5.560030 -0.045122 0.001610
C 3.484320 1.183102 -0.000500
C 6.274162 1.150962 0.001690
H 6.095041 -0.992177 0.002372
C 4.196768 2.377469 -0.000422
C 5.595504 2.370236 0.000577
H 3.659080 3.322198 -0.000886
O 3.541135 -1.206480 -0.000075
C 2.126913 -0.994635 -0.000251
H 1.624702 -1.939461 -0.000644
H 1.848722 -0.443241 0.873580
H 1.849024 -0.442674 -0.873720
H 6.256150 3.489855 0.000805
C 8.253369 -0.108682 0.004295
C 9.661401 -0.081363 0.007109
C 7.573878 1.126670 0.002890
C 10.363897 1.121591 0.007869
H 10.205572 -1.023184 0.008433
C 8.274708 2.327891 0.003646
C 9.673446 2.334226 0.006043
H 7.727881 3.267360 0.002618
O 7.653868 -1.262249 0.003439
C 6.237658 -1.064132 0.003051
H 5.744636 -2.013784 0.002183
H 5.953952 -0.515807 0.877041
H 5.954607 -0.514548 -0.870259
H 10.323200 3.460200 0.006900
C 12.377200 2.325982 0.012466
C 13.783933 2.259710 0.016688
C 11.663786 1.109907 0.010369
C 14.452871 1.037777 0.018138
H 14.353957 3.186112 0.018565
C 12.331105 -0.110247 0.011814
C 13.729129 -0.155286 0.015610
H 11.758492 -1.034225 0.010229
H 15.752662 1.013484 0.021938
O 11.809852 3.495698 0.011022
C 12.814432 4.513400 0.010419
H 12.347072 5.475941 0.009066
H 13.423505 4.413908 0.884569
H 13.424469 4.411920 -0.862730
H 14.347475 -1.298810 0.017105
1  2 1.5 3 1.5 10 1.0
2  4 1.5 5 1.0
3  6 1.5 9 1.0
4  7 1.5 18 1.0
5 
6  7 1.5 8 1.0
7  15 1.0
8 
9 
10  11 1.0
11  12 1.0 13 1.0 14 1.0
12 
13 
14 
15 
16  17 1.5 18 1.5 24 1.0
17  19 1.5 20 1.0
18  21 1.5
19  22 1.5 32 1.0
20 
21  22 1.5 23 1.0
22  29 1.0
23 
24  25 1.0
25  26 1.0 27 1.0 28 1.0
26 
27 
28 
29 
30  31 1.5 32 1.5 38 1.0
31  33 1.5 34 1.0
32  35 1.5
33  36 1.5 46 1.0
34 
35  36 1.5 37 1.0
36  43 1.0
37 
38  39 1.0
39  40 1.0 41 1.0 42 1.0
40 
41 
42 
43 
44  45 1.5 46 1.5 53 1.0
45  47 1.5 48 1.0
46  49 1.5
47  50 1.5 52 1.0
48 
49  50 1.5 51 1.0
50  58 1.0
51 
52 
53  54 1.0
54  55 1.0 56 1.0 57 1.0
55 
56 
57 
58 