C 0.050900 0.030900 0.000200
C 1.459200 0.030900 0.000200
C -0.604500 1.279200 0.000200
C 2.184900 1.220000 -0.000400
H 1.985000 -0.921300 0.000400
C 0.119500 2.466600 -0.000400
C 1.518100 2.445800 -0.000800
H -0.409000 3.416500 -0.000300
H -1.903500 1.328700 0.001600
O -0.570866 -1.110821 0.000500
C -1.982966 -0.885268 0.000537
H -2.494318 -1.825178 0.000619
H -2.255610 -0.330861 0.874209
H -2.255674 -0.330979 -0.873091
O 2.189599 3.558998 -0.001200
H 1.580206 4.300780 -0.001299
C 4.221192 2.385109 0.000192
C 5.626381 2.291560 0.001600
C 3.484320 1.183102 -0.000500
C 6.271491 1.056881 0.001690
H 6.214271 3.206730 0.002353
C 4.127846 -0.049768 -0.000411
C 5.524738 -0.121919 0.000587
H 3.537414 -0.962464 -0.000868
O 3.676641 3.565610 -0.000096
C 4.700772 4.563635 -0.000275
H 4.252171 5.535062 -0.000677
H 5.308126 4.451642 0.873559
H 5.308400 4.451046 -0.873741
O 6.120807 -1.277263 0.000826
H 7.071941 -1.147088 0.000885
C 8.225889 -0.240919 0.004295
C 9.634186 -0.240919 0.007110
C 7.570491 1.007381 0.002890
C 10.359886 0.948181 0.007870
H 10.159985 -1.193119 0.008433
C 8.294491 2.194781 0.003647
C 9.693089 2.173981 0.006044
H 7.765991 3.144681 0.002618
O 7.604124 -1.382640 0.003440
C 6.192024 -1.157088 0.003052
H 5.680672 -2.096998 0.002183
H 5.919008 -0.603363 0.877041
H 5.919687 -0.602117 -0.870258
O 10.364587 3.287178 0.006901
H 9.755194 4.028960 0.007112
C 12.396173 2.113290 0.012467
C 13.801357 2.019742 0.016689
C 11.659304 0.911283 0.010370
C 14.446464 0.785062 0.018139
H 14.389244 2.934911 0.018566
C 12.302828 -0.321587 0.011815
C 13.699716 -0.393737 0.015611
H 11.712399 -1.234283 0.010230
H 15.745540 0.735559 0.021939
O 11.851623 3.293791 0.011023
C 12.875757 4.291815 0.010420
H 12.427157 5.263241 0.009067
H 13.482784 4.180526 0.884570
H 13.483710 4.178520 -0.862729
O 14.295783 -1.549082 0.017106
H 15.246917 -1.418907 0.017475
1  2 1.5 3 1.5 10 1.0
2  4 1.5 5 1.0
3  6 1.5 9 1.0
4  7 1.5 19 1.0
5 
6  7 1.5 8 1.0
7  15 1.0
8 
9 
10  11 1.0
11  12 1.0 13 1.0 14 1.0
12 
13 
14 
15  16 1.0
16 
17  18 1.5 19 1.5 25 1.0
18  20 1.5 21 1.0
19  22 1.5
20  23 1.5 34 1.0
21 
22  23 1.5 24 1.0
23  30 1.0
24 
25  26 1.0
26  27 1.0 28 1.0 29 1.0
27 
28 
29 
30  31 1.0
31 
32  33 1.5 34 1.5 40 1.0
33  35 1.5 36 1.0
34  37 1.5
35  38 1.5 49 1.0
36 
37  38 1.5 39 1.0
38  45 1.0
39 
40  41 1.0
41  42 1.0 43 1.0 44 1.0
42 
43 
44 
45  46 1.0
46 
47  48 1.5 49 1.5 56 1.0
48  50 1.5 51 1.0
49  52 1.5
50  53 1.5 55 1.0
51 
52  53 1.5 54 1.0
53  61 1.0
54 
55 
56  57 1.0
57  58 1.0 59 1.0 60 1.0
58 
59 
60 
61  62 1.0
62 