C 0.050900 0.030900 0.000200
C 1.459200 0.030900 0.000200
C -0.604500 1.279200 0.000200
C 2.184900 1.220000 -0.000400
H 1.985000 -0.921300 0.000400
C 0.119500 2.466600 -0.000400
C 1.518100 2.445800 -0.000800
H -0.409000 3.416500 -0.000300
H -1.903500 1.328700 0.001600
O -0.570866 -1.110821 0.000500
C -1.982966 -0.885268 0.000537
H -2.494318 -1.825178 0.000619
H -2.255610 -0.330861 0.874209
H -2.255674 -0.330979 -0.873091
O 2.189599 3.558998 -0.001200
H 1.580206 4.300780 -0.001299
C 4.151797 -0.058782 0.000202
C 5.560030 -0.045122 0.001610
C 3.484320 1.183102 -0.000500
C 6.274162 1.150962 0.001690
H 6.095041 -0.992177 0.002372
C 4.196768 2.377469 -0.000422
C 5.595504 2.370236 0.000577
H 3.659080 3.322198 -0.000886
O 3.541135 -1.206480 -0.000075
C 2.126913 -0.994635 -0.000251
H 1.624702 -1.939461 -0.000644
H 1.848722 -0.443241 0.873580
H 1.849024 -0.442674 -0.873720
O 6.256173 3.489895 0.000805
H 5.639615 4.225731 0.000862
C 8.299056 2.335767 0.004284
C 9.705084 2.255853 0.007099
C 7.573878 1.126670 0.002890
C 10.362138 1.027489 0.007870
H 10.284068 3.176682 0.008415
C 8.229332 -0.099901 0.003657
C 9.626857 -0.158498 0.006054
H 7.647782 -1.018280 0.002636
O 7.743080 3.510931 0.003418
C 8.757483 4.518842 0.003027
H 8.299481 5.485872 0.002150
H 9.365728 4.413096 0.877019
H 9.366341 4.411801 -0.870280
O 10.234104 -1.308006 0.006921
H 11.183930 -1.168612 0.007135
C 12.329030 -0.251293 0.012477
C 13.737257 -0.237632 0.016699
C 11.661556 0.990591 0.010369
C 14.451388 0.958451 0.018139
H 14.272266 -1.184687 0.018584
C 12.374003 2.184958 0.011804
C 13.772734 2.177725 0.015600
H 11.836316 3.129687 0.010211
H 15.751179 0.934158 0.021939
O 11.718369 -1.398991 0.011043
C 10.304148 -1.187147 0.010444
H 9.801938 -2.131973 0.009099
H 10.025591 -0.636440 0.884591
H 10.026622 -0.634501 -0.862708
O 14.433401 3.297384 0.017085
H 13.816842 4.033219 0.017452
1  2 1.5 3 1.5 10 1.0
2  4 1.5 5 1.0
3  6 1.5 9 1.0
4  7 1.5 19 1.0
5 
6  7 1.5 8 1.0
7  15 1.0
8 
9 
10  11 1.0
11  12 1.0 13 1.0 14 1.0
12 
13 
14 
15  16 1.0
16 
17  18 1.5 19 1.5 25 1.0
18  20 1.5 21 1.0
19  22 1.5
20  23 1.5 34 1.0
21 
22  23 1.5 24 1.0
23  30 1.0
24 
25  26 1.0
26  27 1.0 28 1.0 29 1.0
27 
28 
29 
30  31 1.0
31 
32  33 1.5 34 1.5 40 1.0
33  35 1.5 36 1.0
34  37 1.5
35  38 1.5 49 1.0
36 
37  38 1.5 39 1.0
38  45 1.0
39 
40  41 1.0
41  42 1.0 43 1.0 44 1.0
42 
43 
44 
45  46 1.0
46 
47  48 1.5 49 1.5 56 1.0
48  50 1.5 51 1.0
49  52 1.5
50  53 1.5 55 1.0
51 
52  53 1.5 54 1.0
53  61 1.0
54 
55 
56  57 1.0
57  58 1.0 59 1.0 60 1.0
58 
59 
60 
61  62 1.0
62 