C 0.050900 0.030900 0.000200
C 1.459200 0.030900 0.000200
C -0.604500 1.279200 0.000200
C 2.184900 1.220000 -0.000400
H 1.985000 -0.921300 0.000400
C 0.119500 2.466600 -0.000400
C 1.518100 2.445800 -0.000800
H -0.409000 3.416500 -0.000300
H 3.484400 1.183100 -0.000500
H -1.903500 1.328700 0.001600
O -0.570866 -1.110821 0.000500
C -1.982966 -0.885268 0.000537
H -2.494318 -1.825178 0.000619
H -2.255610 -0.330861 0.874209
H -2.255674 -0.330979 -0.873091
C 2.189736 3.559225 -0.001200
H 1.625976 4.316029 0.503117
H 2.373759 3.864424 -1.010158
H 3.122144 3.413460 0.503049
1  2 1.5 3 1.5 11 1.0
2  4 1.5 5 1.0
3  6 1.5 10 1.0
4  7 1.5 9 1.0
5 
6  7 1.5 8 1.0
7  16 1.0
8 
9 
10 
11  12 1.0
12  13 1.0 14 1.0 15 1.0
13 
14 
15 
16  17 1.0 18 1.0 19 1.0
17 
18 
19 