C 0.050900 0.030900 0.000200
C 1.459200 0.030900 0.000200
C -0.604500 1.279200 0.000200
C 2.184900 1.220000 -0.000400
H 1.985000 -0.921300 0.000400
C 0.119500 2.466600 -0.000400
C 1.518100 2.445800 -0.000800
H -0.409000 3.416500 -0.000300
H -1.903500 1.328700 0.001600
O -0.570866 -1.110821 0.000500
C -1.982966 -0.885268 0.000537
H -2.494318 -1.825178 0.000619
H -2.255610 -0.330861 0.874209
H -2.255674 -0.330979 -0.873091
C 2.189736 3.559225 -0.001200
H 1.625976 4.316029 0.503117
H 2.373759 3.864424 -1.010158
H 3.122144 3.413460 0.503049
C 4.221192 2.385109 0.000192
C 5.626381 2.291560 0.001600
C 3.484320 1.183102 -0.000500
C 6.271491 1.056881 0.001690
H 6.214271 3.206730 0.002353
C 4.127846 -0.049768 -0.000411
C 5.524738 -0.121919 0.000587
H 3.537414 -0.962464 -0.000868
H 7.570571 1.007378 0.002890
O 3.676641 3.565610 -0.000096
C 4.700772 4.563635 -0.000275
H 4.252171 5.535062 -0.000677
H 5.308126 4.451642 0.873559
H 5.308400 4.451046 -0.873741
C 6.120930 -1.277499 0.000826
H 7.060823 -1.193839 0.505318
H 6.284618 -1.594627 -1.007956
H 5.507961 -1.994943 0.505250
1  2 1.5 3 1.5 10 1.0
2  4 1.5 5 1.0
3  6 1.5 9 1.0
4  7 1.5 21 1.0
5 
6  7 1.5 8 1.0
7  15 1.0
8 
9 
10  11 1.0
11  12 1.0 13 1.0 14 1.0
12 
13 
14 
15  16 1.0 17 1.0 18 1.0
16 
17 
18 
19  20 1.5 21 1.5 28 1.0
20  22 1.5 23 1.0
21  24 1.5
22  25 1.5 27 1.0
23 
24  25 1.5 26 1.0
25  33 1.0
26 
27 
28  29 1.0
29  30 1.0 31 1.0 32 1.0
30 
31 
32 
33  34 1.0 35 1.0 36 1.0
34 
35 
36 