C 0.050900 0.030900 0.000200
C 1.459200 0.030900 0.000200
C -0.604500 1.279200 0.000200
C 2.184900 1.220000 -0.000400
H 1.985000 -0.921300 0.000400
C 0.119500 2.466600 -0.000400
C 1.518100 2.445800 -0.000800
H -0.409000 3.416500 -0.000300
H -1.903500 1.328700 0.001600
O -0.570866 -1.110821 0.000500
C -1.982966 -0.885268 0.000537
H -2.494318 -1.825178 0.000619
H -2.255610 -0.330861 0.874209
H -2.255674 -0.330979 -0.873091
C 2.189736 3.559225 -0.001200
H 1.625976 4.316029 0.503117
H 2.373759 3.864424 -1.010158
H 3.122144 3.413460 0.503049
C 4.221192 2.385109 0.000192
C 5.626381 2.291560 0.001600
C 3.484320 1.183102 -0.000500
C 6.271491 1.056881 0.001690
H 6.214271 3.206730 0.002353
C 4.127846 -0.049768 -0.000411
C 5.524738 -0.121919 0.000587
H 3.537414 -0.962464 -0.000868
O 3.676641 3.565610 -0.000096
C 4.700772 4.563635 -0.000275
H 4.252171 5.535062 -0.000677
H 5.308126 4.451642 0.873559
H 5.308400 4.451046 -0.873741
C 6.120930 -1.277499 0.000826
H 7.060823 -1.193839 0.505318
H 6.284618 -1.594627 -1.007956
H 5.507961 -1.994943 0.505250
C 8.225889 -0.240919 0.004295
C 9.634186 -0.240919 0.007110
C 7.570491 1.007381 0.002890
C 10.359886 0.948181 0.007870
H 10.159985 -1.193119 0.008433
C 8.294491 2.194781 0.003647
C 9.693089 2.173981 0.006044
H 7.765991 3.144681 0.002618
O 7.604124 -1.382640 0.003440
C 6.192024 -1.157088 0.003052
H 5.680672 -2.096998 0.002183
H 5.919008 -0.603363 0.877041
H 5.919687 -0.602117 -0.870258
C 10.364724 3.287406 0.006901
H 9.800712 4.043792 0.511563
H 10.549251 3.593441 -1.001711
H 11.296880 3.141223 0.511495
C 12.326778 -0.330601 0.012477
C 13.735005 -0.316940 0.016699
C 11.659304 0.911283 0.010370
C 14.449136 0.879143 0.018139
H 14.270014 -1.263995 0.018584
C 12.371751 2.105650 0.011805
C 13.770482 2.098417 0.015600
H 11.834064 3.050379 0.010212
H 15.748927 0.854850 0.021939
O 11.716117 -1.478299 0.011044
C 10.301896 -1.266455 0.010444
H 9.799686 -2.211281 0.009100
H 10.023339 -0.715748 0.884591
H 10.024371 -0.713809 -0.862707
C 14.431285 3.218305 0.017086
H 13.859837 3.968973 0.521920
H 14.613082 3.526535 -0.991353
H 15.364691 3.080961 0.521852
1  2 1.5 3 1.5 10 1.0
2  4 1.5 5 1.0
3  6 1.5 9 1.0
4  7 1.5 21 1.0
5 
6  7 1.5 8 1.0
7  15 1.0
8 
9 
10  11 1.0
11  12 1.0 13 1.0 14 1.0
12 
13 
14 
15  16 1.0 17 1.0 18 1.0
16 
17 
18 
19  20 1.5 21 1.5 27 1.0
20  22 1.5 23 1.0
21  24 1.5
22  25 1.5 38 1.0
23 
24  25 1.5 26 1.0
25  32 1.0
26 
27  28 1.0
28  29 1.0 30 1.0 31 1.0
29 
30 
31 
32  33 1.0 34 1.0 35 1.0
33 
34 
35 
36  37 1.5 38 1.5 44 1.0
37  39 1.5 40 1.0
38  41 1.5
39  42 1.5 55 1.0
40 
41  42 1.5 43 1.0
42  49 1.0
43 
44  45 1.0
45  46 1.0 47 1.0 48 1.0
46 
47 
48 
49  50 1.0 51 1.0 52 1.0
50 
51 
52 
53  54 1.5 55 1.5 62 1.0
54  56 1.5 57 1.0
55  58 1.5
56  59 1.5 61 1.0
57 
58  59 1.5 60 1.0
59  67 1.0
60 
61 
62  63 1.0
63  64 1.0 65 1.0 66 1.0
64 
65 
66 
67  68 1.0 69 1.0 70 1.0
68 
69 
70 