C 0.050900 0.030900 0.000200
C 1.459200 0.030900 0.000200
C -0.604500 1.279200 0.000200
C 2.184900 1.220000 -0.000400
H 1.985000 -0.921300 0.000400
C 0.119500 2.466600 -0.000400
C 1.518100 2.445800 -0.000800
H -0.409000 3.416500 -0.000300
H -1.903500 1.328700 0.001600
O -0.570866 -1.110821 0.000500
C -1.982966 -0.885268 0.000537
H -2.494318 -1.825178 0.000619
H -2.255610 -0.330861 0.874209
H -2.255674 -0.330979 -0.873091
C 2.189736 3.559225 -0.001200
H 1.625976 4.316029 0.503117
H 2.373759 3.864424 -1.010158
H 3.122144 3.413460 0.503049
C 4.151797 -0.058782 0.000202
C 5.560030 -0.045122 0.001610
C 3.484320 1.183102 -0.000500
C 6.274162 1.150962 0.001690
H 6.095041 -0.992177 0.002372
C 4.196768 2.377469 -0.000422
C 5.595504 2.370236 0.000577
H 3.659080 3.322198 -0.000886
O 3.541135 -1.206480 -0.000075
C 2.126913 -0.994635 -0.000251
H 1.624702 -1.939461 -0.000644
H 1.848722 -0.443241 0.873580
H 1.849024 -0.442674 -0.873720
C 6.256309 3.490124 0.000805
H 5.685110 4.241213 0.505295
H 6.437611 3.797514 -1.007980
H 7.189963 3.353199 0.505227
C 8.299056 2.335767 0.004284
C 9.705084 2.255853 0.007099
C 7.573878 1.126670 0.002890
C 10.362138 1.027489 0.007870
H 10.284068 3.176682 0.008415
C 8.229332 -0.099901 0.003657
C 9.626857 -0.158498 0.006054
H 7.647782 -1.018280 0.002636
O 7.743080 3.510931 0.003418
C 8.757483 4.518842 0.003027
H 8.299481 5.485872 0.002150
H 9.365728 4.413096 0.877019
H 9.366341 4.411801 -0.870280
C 10.234228 -1.308242 0.006921
H 11.173153 -1.215253 0.511586
H 10.401213 -1.624198 -1.001688
H 9.628133 -2.031382 0.511518
C 12.398426 2.192598 0.012466
C 13.803609 2.099050 0.016689
C 11.661556 0.990591 0.010369
C 14.448716 0.864370 0.018139
H 14.391496 3.014219 0.018566
C 12.305080 -0.242279 0.011815
C 13.701968 -0.314429 0.015610
H 11.714651 -1.154975 0.010230
H 15.747792 0.814867 0.021939
O 11.853876 3.373099 0.011023
C 12.878009 4.371123 0.010419
H 12.429409 5.342549 0.009067
H 13.485036 4.259834 0.884569
H 13.485962 4.257828 -0.862729
C 14.298157 -1.470010 0.017106
H 15.237828 -1.385917 0.521943
H 14.462293 -1.788005 -0.991330
H 13.684964 -2.187020 0.521875
1  2 1.5 3 1.5 10 1.0
2  4 1.5 5 1.0
3  6 1.5 9 1.0
4  7 1.5 21 1.0
5 
6  7 1.5 8 1.0
7  15 1.0
8 
9 
10  11 1.0
11  12 1.0 13 1.0 14 1.0
12 
13 
14 
15  16 1.0 17 1.0 18 1.0
16 
17 
18 
19  20 1.5 21 1.5 27 1.0
20  22 1.5 23 1.0
21  24 1.5
22  25 1.5 38 1.0
23 
24  25 1.5 26 1.0
25  32 1.0
26 
27  28 1.0
28  29 1.0 30 1.0 31 1.0
29 
30 
31 
32  33 1.0 34 1.0 35 1.0
33 
34 
35 
36  37 1.5 38 1.5 44 1.0
37  39 1.5 40 1.0
38  41 1.5
39  42 1.5 55 1.0
40 
41  42 1.5 43 1.0
42  49 1.0
43 
44  45 1.0
45  46 1.0 47 1.0 48 1.0
46 
47 
48 
49  50 1.0 51 1.0 52 1.0
50 
51 
52 
53  54 1.5 55 1.5 62 1.0
54  56 1.5 57 1.0
55  58 1.5
56  59 1.5 61 1.0
57 
58  59 1.5 60 1.0
59  67 1.0
60 
61 
62  63 1.0
63  64 1.0 65 1.0 66 1.0
64 
65 
66 
67  68 1.0 69 1.0 70 1.0
68 
69 
70 