C 0.050900 0.030900 0.000200
C 1.459200 0.030900 0.000200
C -0.604500 1.279200 0.000200
C 2.184900 1.220000 -0.000400
H 1.985000 -0.921300 0.000400
C 0.119500 2.466600 -0.000400
C 1.518100 2.445800 -0.000800
H -0.409000 3.416500 -0.000300
H -1.903500 1.328700 0.001600
O -0.570866 -1.110821 0.000500
C -1.982966 -0.885268 0.000537
H -2.494318 -1.825178 0.000619
H -2.255610 -0.330861 0.874209
H -2.255674 -0.330979 -0.873091
C 2.189736 3.559225 -0.001200
H 1.625976 4.316029 0.503117
H 2.373759 3.864424 -1.010158
H 3.122144 3.413460 0.503049
C 4.221192 2.385109 0.000192
C 5.626381 2.291560 0.001600
C 3.484320 1.183102 -0.000500
C 6.271491 1.056881 0.001690
H 6.214271 3.206730 0.002353
C 4.127846 -0.049768 -0.000411
C 5.524738 -0.121919 0.000587
H 3.537414 -0.962464 -0.000868
O 3.676641 3.565610 -0.000096
C 4.700772 4.563635 -0.000275
H 4.252171 5.535062 -0.000677
H 5.308126 4.451642 0.873559
H 5.308400 4.451046 -0.873741
C 6.120930 -1.277499 0.000826
H 7.060823 -1.193839 0.505318
H 6.284618 -1.594627 -1.007956
H 5.507961 -1.994943 0.505250
C 8.318987 2.202184 0.004285
C 9.723200 2.095009 0.007100
C 7.570491 1.007381 0.002890
C 10.356302 0.854130 0.007870
H 10.319938 3.004434 0.008415
C 8.202028 -0.231674 0.003657
C 9.598153 -0.317370 0.006055
H 7.602772 -1.138599 0.002637
O 7.785912 3.387911 0.003419
C 8.819676 4.375955 0.003028
H 8.380519 5.351687 0.002150
H 9.425756 4.258430 0.877020
H 9.426343 4.257123 -0.870280
C 10.183107 -1.478680 0.006922
H 11.123658 -1.403922 0.511587
H 10.343931 -1.797816 -1.001688
H 9.563098 -2.189926 0.511519
C 12.414808 1.979519 0.012467
C 13.817912 1.858730 0.016690
C 11.654760 0.792033 0.010370
C 14.438947 0.611768 0.018140
H 14.423441 2.762323 0.018567
C 12.274247 -0.453089 0.011816
C 13.669472 -0.552323 0.015611
H 11.666224 -1.354159 0.010231
H 15.736818 0.537075 0.021940
O 11.893260 3.170362 0.011024
C 12.936561 4.148331 0.010420
H 12.506890 5.128276 0.009067
H 13.541316 4.025288 0.884570
H 13.542202 4.023264 -0.862728
C 14.243133 -1.719252 0.017107
H 15.184258 -1.653403 0.521944
H 14.401069 -2.040371 -0.991329
H 13.616146 -2.424231 0.521876
1  2 1.5 3 1.5 10 1.0
2  4 1.5 5 1.0
3  6 1.5 9 1.0
4  7 1.5 21 1.0
5 
6  7 1.5 8 1.0
7  15 1.0
8 
9 
10  11 1.0
11  12 1.0 13 1.0 14 1.0
12 
13 
14 
15  16 1.0 17 1.0 18 1.0
16 
17 
18 
19  20 1.5 21 1.5 27 1.0
20  22 1.5 23 1.0
21  24 1.5
22  25 1.5 38 1.0
23 
24  25 1.5 26 1.0
25  32 1.0
26 
27  28 1.0
28  29 1.0 30 1.0 31 1.0
29 
30 
31 
32  33 1.0 34 1.0 35 1.0
33 
34 
35 
36  37 1.5 38 1.5 44 1.0
37  39 1.5 40 1.0
38  41 1.5
39  42 1.5 55 1.0
40 
41  42 1.5 43 1.0
42  49 1.0
43 
44  45 1.0
45  46 1.0 47 1.0 48 1.0
46 
47 
48 
49  50 1.0 51 1.0 52 1.0
50 
51 
52 
53  54 1.5 55 1.5 62 1.0
54  56 1.5 57 1.0
55  58 1.5
56  59 1.5 61 1.0
57 
58  59 1.5 60 1.0
59  67 1.0
60 
61 
62  63 1.0
63  64 1.0 65 1.0 66 1.0
64 
65 
66 
67  68 1.0 69 1.0 70 1.0
68 
69 
70 